c:\users\hyejin\documents\github\thirdteamproject\defaultwindow\230608\debug\vc142.pdb
c:\users\hyejin\documents\github\thirdteamproject\defaultwindow\230608\debug\vc142.idb
c:\users\hyejin\documents\github\thirdteamproject\defaultwindow\230608\debug\wall.obj
c:\users\hyejin\documents\github\thirdteamproject\defaultwindow\230608\debug\uimgr.obj
c:\users\hyejin\documents\github\thirdteamproject\defaultwindow\230608\debug\soundmgr.obj
c:\users\hyejin\documents\github\thirdteamproject\defaultwindow\230608\debug\scenemanager.obj
c:\users\hyejin\documents\github\thirdteamproject\defaultwindow\230608\debug\scene.obj
c:\users\hyejin\documents\github\thirdteamproject\defaultwindow\230608\debug\obj.obj
c:\users\hyejin\documents\github\thirdteamproject\defaultwindow\230608\debug\linemgr.obj
c:\users\hyejin\documents\github\thirdteamproject\defaultwindow\230608\debug\line.obj
c:\users\hyejin\documents\github\thirdteamproject\defaultwindow\230608\debug\keymgr.obj
c:\users\hyejin\documents\github\thirdteamproject\defaultwindow\230608\debug\firststage.obj
c:\users\hyejin\documents\github\thirdteamproject\defaultwindow\230608\debug\component.obj
c:\users\hyejin\documents\github\thirdteamproject\defaultwindow\230608\debug\character.obj
c:\users\hyejin\documents\github\thirdteamproject\defaultwindow\230608\debug\cameracomponent.obj
c:\users\hyejin\documents\github\thirdteamproject\defaultwindow\230608\debug\bmpmgr.obj
c:\users\hyejin\documents\github\thirdteamproject\defaultwindow\230608\debug\bitmap.obj
c:\users\hyejin\documents\github\thirdteamproject\defaultwindow\230608\debug\behaviortree.obj
c:\users\hyejin\documents\github\thirdteamproject\defaultwindow\230608\debug\230608.obj
c:\users\hyejin\documents\github\thirdteamproject\defaultwindow\230608\debug\230608.pch
c:\users\hyejin\documents\github\thirdteamproject\defaultwindow\230608\debug\stdafx.obj
c:\users\hyejin\documents\github\thirdteamproject\defaultwindow\230608\debug\230608.tlog\cl.command.1.tlog
c:\users\hyejin\documents\github\thirdteamproject\defaultwindow\230608\debug\230608.tlog\cl.read.1.tlog
c:\users\hyejin\documents\github\thirdteamproject\defaultwindow\230608\debug\230608.tlog\cl.write.1.tlog
