c:\users\hyejin\documents\github\katanazero_winapi_project\defaultwindow\230608\release\230608.pch
c:\users\hyejin\documents\github\katanazero_winapi_project\defaultwindow\230608\release\vc142.pdb
c:\users\hyejin\documents\github\katanazero_winapi_project\defaultwindow\230608\release\stdafx.obj
c:\users\hyejin\documents\github\katanazero_winapi_project\defaultwindow\230608\release\thirdstage.obj
c:\users\hyejin\documents\github\katanazero_winapi_project\defaultwindow\230608\release\secondstage.obj
c:\users\hyejin\documents\github\katanazero_winapi_project\defaultwindow\230608\release\bossstage.obj
c:\users\hyejin\documents\github\katanazero_winapi_project\defaultwindow\230608\release\bossstage_1.obj
c:\users\hyejin\documents\github\katanazero_winapi_project\defaultwindow\230608\release\gunenemy.obj
c:\users\hyejin\documents\github\katanazero_winapi_project\defaultwindow\230608\release\grabwall.obj
c:\users\hyejin\documents\github\katanazero_winapi_project\defaultwindow\230608\release\firststage.obj
c:\users\hyejin\documents\github\katanazero_winapi_project\defaultwindow\230608\release\fan.obj
c:\users\hyejin\documents\github\katanazero_winapi_project\defaultwindow\230608\release\component.obj
c:\users\hyejin\documents\github\katanazero_winapi_project\defaultwindow\230608\release\collisionmgr.obj
c:\users\hyejin\documents\github\katanazero_winapi_project\defaultwindow\230608\release\character.obj
c:\users\hyejin\documents\github\katanazero_winapi_project\defaultwindow\230608\release\cameracomponent.obj
c:\users\hyejin\documents\github\katanazero_winapi_project\defaultwindow\230608\release\bullet.obj
c:\users\hyejin\documents\github\katanazero_winapi_project\defaultwindow\230608\release\bosshead.obj
c:\users\hyejin\documents\github\katanazero_winapi_project\defaultwindow\230608\release\boss.obj
c:\users\hyejin\documents\github\katanazero_winapi_project\defaultwindow\230608\release\bombeffect.obj
c:\users\hyejin\documents\github\katanazero_winapi_project\defaultwindow\230608\release\bmpmgr.obj
c:\users\hyejin\documents\github\katanazero_winapi_project\defaultwindow\230608\release\bloodeffect.obj
c:\users\hyejin\documents\github\katanazero_winapi_project\defaultwindow\230608\release\bitmap.obj
c:\users\hyejin\documents\github\katanazero_winapi_project\defaultwindow\230608\release\behaviortree.obj
c:\users\hyejin\documents\github\katanazero_winapi_project\defaultwindow\230608\release\armenemy.obj
c:\users\hyejin\documents\github\katanazero_winapi_project\defaultwindow\230608\release\230608.obj
c:\users\hyejin\documents\github\katanazero_winapi_project\defaultwindow\230608\release\transition.obj
c:\users\hyejin\documents\github\katanazero_winapi_project\defaultwindow\230608\release\startmenu.obj
c:\users\hyejin\documents\github\katanazero_winapi_project\defaultwindow\230608\release\soundmgr.obj
c:\users\hyejin\documents\github\katanazero_winapi_project\defaultwindow\230608\release\scenemanager.obj
c:\users\hyejin\documents\github\katanazero_winapi_project\defaultwindow\230608\release\scene.obj
c:\users\hyejin\documents\github\katanazero_winapi_project\defaultwindow\230608\release\playershadow.obj
c:\users\hyejin\documents\github\katanazero_winapi_project\defaultwindow\230608\release\playereffect.obj
c:\users\hyejin\documents\github\katanazero_winapi_project\defaultwindow\230608\release\player.obj
c:\users\hyejin\documents\github\katanazero_winapi_project\defaultwindow\230608\release\objmgr.obj
c:\users\hyejin\documents\github\katanazero_winapi_project\defaultwindow\230608\release\obj.obj
c:\users\hyejin\documents\github\katanazero_winapi_project\defaultwindow\230608\release\mementomgr.obj
c:\users\hyejin\documents\github\katanazero_winapi_project\defaultwindow\230608\release\linemgr.obj
c:\users\hyejin\documents\github\katanazero_winapi_project\defaultwindow\230608\release\line.obj
c:\users\hyejin\documents\github\katanazero_winapi_project\defaultwindow\230608\release\laserobject.obj
c:\users\hyejin\documents\github\katanazero_winapi_project\defaultwindow\230608\release\laser.obj
c:\users\hyejin\documents\github\katanazero_winapi_project\defaultwindow\230608\release\keymgr.obj
c:\users\hyejin\documents\github\katanazero_winapi_project\defaultwindow\230608\release\item.obj
c:\users\hyejin\documents\github\katanazero_winapi_project\defaultwindow\230608\release\hjs1.obj
c:\users\hyejin\documents\github\katanazero_winapi_project\defaultwindow\230608\release\wall.obj
c:\users\hyejin\documents\github\katanazero_winapi_project\defaultwindow\230608\release\uimgr.obj
c:\users\hyejin\documents\github\katanazero_winapi_project\defaultwindow\release\230608.exe
c:\users\hyejin\documents\github\katanazero_winapi_project\defaultwindow\230608\release\230608.ipdb
c:\users\hyejin\documents\github\katanazero_winapi_project\defaultwindow\230608\release\230608.iobj
c:\users\hyejin\documents\github\katanazero_winapi_project\defaultwindow\release\230608.pdb
c:\users\hyejin\documents\github\katanazero_winapi_project\defaultwindow\230608\release\230608.res
c:\users\hyejin\documents\github\katanazero_winapi_project\defaultwindow\230608\release\230608.tlog\cl.command.1.tlog
c:\users\hyejin\documents\github\katanazero_winapi_project\defaultwindow\230608\release\230608.tlog\cl.read.1.tlog
c:\users\hyejin\documents\github\katanazero_winapi_project\defaultwindow\230608\release\230608.tlog\cl.write.1.tlog
c:\users\hyejin\documents\github\katanazero_winapi_project\defaultwindow\230608\release\230608.tlog\link.command.1.tlog
c:\users\hyejin\documents\github\katanazero_winapi_project\defaultwindow\230608\release\230608.tlog\link.read.1.tlog
c:\users\hyejin\documents\github\katanazero_winapi_project\defaultwindow\230608\release\230608.tlog\link.write.1.tlog
c:\users\hyejin\documents\github\katanazero_winapi_project\defaultwindow\230608\release\230608.tlog\rc.command.1.tlog
c:\users\hyejin\documents\github\katanazero_winapi_project\defaultwindow\230608\release\230608.tlog\rc.read.1.tlog
c:\users\hyejin\documents\github\katanazero_winapi_project\defaultwindow\230608\release\230608.tlog\rc.write.1.tlog
