  stdafx.cpp
  230608.cpp
C:\Users\Hyejin\Documents\GitHub\KatanaZero_WINAPI_Project\DefaultWindow\230608\SceneManager.h(97,52): warning C4244: '=': 'ULONGLONG'에서 'DWORD'(으)로 변환하면서 데이터가 손실될 수 있습니다.
  BehaviorTree.cpp
  BitMap.cpp
  BloodEffect.cpp
C:\Users\Hyejin\Documents\GitHub\KatanaZero_WINAPI_Project\DefaultWindow\230608\Obj.h(127,25): warning C4244: '=': 'float'에서 'LONG'(으)로 변환하면서 데이터가 손실될 수 있습니다.
C:\Users\Hyejin\Documents\GitHub\KatanaZero_WINAPI_Project\DefaultWindow\230608\Obj.h(128,24): warning C4244: '=': 'float'에서 'LONG'(으)로 변환하면서 데이터가 손실될 수 있습니다.
C:\Users\Hyejin\Documents\GitHub\KatanaZero_WINAPI_Project\DefaultWindow\230608\Obj.h(129,26): warning C4244: '=': 'float'에서 'LONG'(으)로 변환하면서 데이터가 손실될 수 있습니다.
C:\Users\Hyejin\Documents\GitHub\KatanaZero_WINAPI_Project\DefaultWindow\230608\Obj.h(130,27): warning C4244: '=': 'float'에서 'LONG'(으)로 변환하면서 데이터가 손실될 수 있습니다.
C:\Users\Hyejin\Documents\GitHub\KatanaZero_WINAPI_Project\DefaultWindow\230608\Obj.h(152,27): warning C4244: '=': 'float'에서 'LONG'(으)로 변환하면서 데이터가 손실될 수 있습니다.
C:\Users\Hyejin\Documents\GitHub\KatanaZero_WINAPI_Project\DefaultWindow\230608\Obj.h(153,26): warning C4244: '=': 'float'에서 'LONG'(으)로 변환하면서 데이터가 손실될 수 있습니다.
C:\Users\Hyejin\Documents\GitHub\KatanaZero_WINAPI_Project\DefaultWindow\230608\Obj.h(154,28): warning C4244: '=': 'float'에서 'LONG'(으)로 변환하면서 데이터가 손실될 수 있습니다.
C:\Users\Hyejin\Documents\GitHub\KatanaZero_WINAPI_Project\DefaultWindow\230608\Obj.h(155,29): warning C4244: '=': 'float'에서 'LONG'(으)로 변환하면서 데이터가 손실될 수 있습니다.
C:\Users\Hyejin\Documents\GitHub\KatanaZero_WINAPI_Project\DefaultWindow\230608\BloodEffect.cpp(19,31): warning C4244: '=': 'ULONGLONG'에서 'DWORD'(으)로 변환하면서 데이터가 손실될 수 있습니다.
C:\Users\Hyejin\Documents\GitHub\KatanaZero_WINAPI_Project\DefaultWindow\230608\BloodEffect.cpp(91,35): warning C4244: '=': 'ULONGLONG'에서 'DWORD'(으)로 변환하면서 데이터가 손실될 수 있습니다.
C:\Users\Hyejin\Documents\GitHub\KatanaZero_WINAPI_Project\DefaultWindow\230608\BloodEffect.cpp(101,35): warning C4244: '=': 'ULONGLONG'에서 'DWORD'(으)로 변환하면서 데이터가 손실될 수 있습니다.
C:\Users\Hyejin\Documents\GitHub\KatanaZero_WINAPI_Project\DefaultWindow\230608\BloodEffect.cpp(111,35): warning C4244: '=': 'ULONGLONG'에서 'DWORD'(으)로 변환하면서 데이터가 손실될 수 있습니다.
C:\Users\Hyejin\Documents\GitHub\KatanaZero_WINAPI_Project\DefaultWindow\230608\BloodEffect.cpp(121,35): warning C4244: '=': 'ULONGLONG'에서 'DWORD'(으)로 변환하면서 데이터가 손실될 수 있습니다.
C:\Users\Hyejin\Documents\GitHub\KatanaZero_WINAPI_Project\DefaultWindow\230608\BloodEffect.cpp(131,35): warning C4244: '=': 'ULONGLONG'에서 'DWORD'(으)로 변환하면서 데이터가 손실될 수 있습니다.
C:\Users\Hyejin\Documents\GitHub\KatanaZero_WINAPI_Project\DefaultWindow\230608\BloodEffect.cpp(141,35): warning C4244: '=': 'ULONGLONG'에서 'DWORD'(으)로 변환하면서 데이터가 손실될 수 있습니다.
C:\Users\Hyejin\Documents\GitHub\KatanaZero_WINAPI_Project\DefaultWindow\230608\BloodEffect.cpp(151,35): warning C4244: '=': 'ULONGLONG'에서 'DWORD'(으)로 변환하면서 데이터가 손실될 수 있습니다.
C:\Users\Hyejin\Documents\GitHub\KatanaZero_WINAPI_Project\DefaultWindow\230608\BloodEffect.cpp(161,35): warning C4244: '=': 'ULONGLONG'에서 'DWORD'(으)로 변환하면서 데이터가 손실될 수 있습니다.
C:\Users\Hyejin\Documents\GitHub\KatanaZero_WINAPI_Project\DefaultWindow\230608\BloodEffect.cpp(171,35): warning C4244: '=': 'ULONGLONG'에서 'DWORD'(으)로 변환하면서 데이터가 손실될 수 있습니다.
C:\Users\Hyejin\Documents\GitHub\KatanaZero_WINAPI_Project\DefaultWindow\230608\BloodEffect.cpp(182,35): warning C4244: '=': 'ULONGLONG'에서 'DWORD'(으)로 변환하면서 데이터가 손실될 수 있습니다.
C:\Users\Hyejin\Documents\GitHub\KatanaZero_WINAPI_Project\DefaultWindow\230608\BloodEffect.cpp(193,35): warning C4244: '=': 'ULONGLONG'에서 'DWORD'(으)로 변환하면서 데이터가 손실될 수 있습니다.
  BmpMgr.cpp
C:\Users\Hyejin\Documents\GitHub\KatanaZero_WINAPI_Project\DefaultWindow\230608\BmpMgr.cpp(223,20): warning C4018: '<': signed 또는 unsigned가 일치하지 않습니다.
C:\Users\Hyejin\Documents\GitHub\KatanaZero_WINAPI_Project\DefaultWindow\230608\BmpMgr.cpp(226,21): warning C4018: '<': signed 또는 unsigned가 일치하지 않습니다.
C:\Users\Hyejin\Documents\GitHub\KatanaZero_WINAPI_Project\DefaultWindow\230608\BmpMgr.cpp(319,10): warning C4244: '=': 'int'에서 'float'(으)로 변환하면서 데이터가 손실될 수 있습니다.
  BombEffect.cpp
C:\Users\Hyejin\Documents\GitHub\KatanaZero_WINAPI_Project\DefaultWindow\230608\Obj.h(127,25): warning C4244: '=': 'float'에서 'LONG'(으)로 변환하면서 데이터가 손실될 수 있습니다.
C:\Users\Hyejin\Documents\GitHub\KatanaZero_WINAPI_Project\DefaultWindow\230608\Obj.h(128,24): warning C4244: '=': 'float'에서 'LONG'(으)로 변환하면서 데이터가 손실될 수 있습니다.
C:\Users\Hyejin\Documents\GitHub\KatanaZero_WINAPI_Project\DefaultWindow\230608\Obj.h(129,26): warning C4244: '=': 'float'에서 'LONG'(으)로 변환하면서 데이터가 손실될 수 있습니다.
C:\Users\Hyejin\Documents\GitHub\KatanaZero_WINAPI_Project\DefaultWindow\230608\Obj.h(130,27): warning C4244: '=': 'float'에서 'LONG'(으)로 변환하면서 데이터가 손실될 수 있습니다.
C:\Users\Hyejin\Documents\GitHub\KatanaZero_WINAPI_Project\DefaultWindow\230608\Obj.h(152,27): warning C4244: '=': 'float'에서 'LONG'(으)로 변환하면서 데이터가 손실될 수 있습니다.
C:\Users\Hyejin\Documents\GitHub\KatanaZero_WINAPI_Project\DefaultWindow\230608\Obj.h(153,26): warning C4244: '=': 'float'에서 'LONG'(으)로 변환하면서 데이터가 손실될 수 있습니다.
C:\Users\Hyejin\Documents\GitHub\KatanaZero_WINAPI_Project\DefaultWindow\230608\Obj.h(154,28): warning C4244: '=': 'float'에서 'LONG'(으)로 변환하면서 데이터가 손실될 수 있습니다.
C:\Users\Hyejin\Documents\GitHub\KatanaZero_WINAPI_Project\DefaultWindow\230608\Obj.h(155,29): warning C4244: '=': 'float'에서 'LONG'(으)로 변환하면서 데이터가 손실될 수 있습니다.
C:\Users\Hyejin\Documents\GitHub\KatanaZero_WINAPI_Project\DefaultWindow\230608\BombEffect.cpp(19,31): warning C4244: '=': 'ULONGLONG'에서 'DWORD'(으)로 변환하면서 데이터가 손실될 수 있습니다.
C:\Users\Hyejin\Documents\GitHub\KatanaZero_WINAPI_Project\DefaultWindow\230608\BombEffect.cpp(81,35): warning C4244: '=': 'ULONGLONG'에서 'DWORD'(으)로 변환하면서 데이터가 손실될 수 있습니다.
C:\Users\Hyejin\Documents\GitHub\KatanaZero_WINAPI_Project\DefaultWindow\230608\BombEffect.cpp(91,35): warning C4244: '=': 'ULONGLONG'에서 'DWORD'(으)로 변환하면서 데이터가 손실될 수 있습니다.
  Boss.cpp
C:\Users\Hyejin\Documents\GitHub\KatanaZero_WINAPI_Project\DefaultWindow\230608\Obj.h(127,25): warning C4244: '=': 'float'에서 'LONG'(으)로 변환하면서 데이터가 손실될 수 있습니다.
C:\Users\Hyejin\Documents\GitHub\KatanaZero_WINAPI_Project\DefaultWindow\230608\Obj.h(128,24): warning C4244: '=': 'float'에서 'LONG'(으)로 변환하면서 데이터가 손실될 수 있습니다.
C:\Users\Hyejin\Documents\GitHub\KatanaZero_WINAPI_Project\DefaultWindow\230608\Obj.h(129,26): warning C4244: '=': 'float'에서 'LONG'(으)로 변환하면서 데이터가 손실될 수 있습니다.
C:\Users\Hyejin\Documents\GitHub\KatanaZero_WINAPI_Project\DefaultWindow\230608\Obj.h(130,27): warning C4244: '=': 'float'에서 'LONG'(으)로 변환하면서 데이터가 손실될 수 있습니다.
C:\Users\Hyejin\Documents\GitHub\KatanaZero_WINAPI_Project\DefaultWindow\230608\Obj.h(152,27): warning C4244: '=': 'float'에서 'LONG'(으)로 변환하면서 데이터가 손실될 수 있습니다.
C:\Users\Hyejin\Documents\GitHub\KatanaZero_WINAPI_Project\DefaultWindow\230608\Obj.h(153,26): warning C4244: '=': 'float'에서 'LONG'(으)로 변환하면서 데이터가 손실될 수 있습니다.
C:\Users\Hyejin\Documents\GitHub\KatanaZero_WINAPI_Project\DefaultWindow\230608\Obj.h(154,28): warning C4244: '=': 'float'에서 'LONG'(으)로 변환하면서 데이터가 손실될 수 있습니다.
C:\Users\Hyejin\Documents\GitHub\KatanaZero_WINAPI_Project\DefaultWindow\230608\Obj.h(155,29): warning C4244: '=': 'float'에서 'LONG'(으)로 변환하면서 데이터가 손실될 수 있습니다.
C:\Users\Hyejin\Documents\GitHub\KatanaZero_WINAPI_Project\DefaultWindow\230608\Boss.cpp(193,35): warning C4244: '=': 'ULONGLONG'에서 'DWORD'(으)로 변환하면서 데이터가 손실될 수 있습니다.
C:\Users\Hyejin\Documents\GitHub\KatanaZero_WINAPI_Project\DefaultWindow\230608\Boss.cpp(203,35): warning C4244: '=': 'ULONGLONG'에서 'DWORD'(으)로 변환하면서 데이터가 손실될 수 있습니다.
C:\Users\Hyejin\Documents\GitHub\KatanaZero_WINAPI_Project\DefaultWindow\230608\Boss.cpp(213,35): warning C4244: '=': 'ULONGLONG'에서 'DWORD'(으)로 변환하면서 데이터가 손실될 수 있습니다.
C:\Users\Hyejin\Documents\GitHub\KatanaZero_WINAPI_Project\DefaultWindow\230608\Boss.cpp(223,35): warning C4244: '=': 'ULONGLONG'에서 'DWORD'(으)로 변환하면서 데이터가 손실될 수 있습니다.
C:\Users\Hyejin\Documents\GitHub\KatanaZero_WINAPI_Project\DefaultWindow\230608\Boss.cpp(233,35): warning C4244: '=': 'ULONGLONG'에서 'DWORD'(으)로 변환하면서 데이터가 손실될 수 있습니다.
C:\Users\Hyejin\Documents\GitHub\KatanaZero_WINAPI_Project\DefaultWindow\230608\Boss.cpp(243,35): warning C4244: '=': 'ULONGLONG'에서 'DWORD'(으)로 변환하면서 데이터가 손실될 수 있습니다.
C:\Users\Hyejin\Documents\GitHub\KatanaZero_WINAPI_Project\DefaultWindow\230608\Boss.cpp(253,35): warning C4244: '=': 'ULONGLONG'에서 'DWORD'(으)로 변환하면서 데이터가 손실될 수 있습니다.
C:\Users\Hyejin\Documents\GitHub\KatanaZero_WINAPI_Project\DefaultWindow\230608\Boss.cpp(263,35): warning C4244: '=': 'ULONGLONG'에서 'DWORD'(으)로 변환하면서 데이터가 손실될 수 있습니다.
C:\Users\Hyejin\Documents\GitHub\KatanaZero_WINAPI_Project\DefaultWindow\230608\Boss.cpp(273,35): warning C4244: '=': 'ULONGLONG'에서 'DWORD'(으)로 변환하면서 데이터가 손실될 수 있습니다.
C:\Users\Hyejin\Documents\GitHub\KatanaZero_WINAPI_Project\DefaultWindow\230608\Boss.cpp(283,35): warning C4244: '=': 'ULONGLONG'에서 'DWORD'(으)로 변환하면서 데이터가 손실될 수 있습니다.
C:\Users\Hyejin\Documents\GitHub\KatanaZero_WINAPI_Project\DefaultWindow\230608\Boss.cpp(294,35): warning C4244: '=': 'ULONGLONG'에서 'DWORD'(으)로 변환하면서 데이터가 손실될 수 있습니다.
C:\Users\Hyejin\Documents\GitHub\KatanaZero_WINAPI_Project\DefaultWindow\230608\Boss.cpp(304,35): warning C4244: '=': 'ULONGLONG'에서 'DWORD'(으)로 변환하면서 데이터가 손실될 수 있습니다.
C:\Users\Hyejin\Documents\GitHub\KatanaZero_WINAPI_Project\DefaultWindow\230608\Boss.cpp(314,35): warning C4244: '=': 'ULONGLONG'에서 'DWORD'(으)로 변환하면서 데이터가 손실될 수 있습니다.
C:\Users\Hyejin\Documents\GitHub\KatanaZero_WINAPI_Project\DefaultWindow\230608\Boss.cpp(324,35): warning C4244: '=': 'ULONGLONG'에서 'DWORD'(으)로 변환하면서 데이터가 손실될 수 있습니다.
C:\Users\Hyejin\Documents\GitHub\KatanaZero_WINAPI_Project\DefaultWindow\230608\Boss.cpp(334,35): warning C4244: '=': 'ULONGLONG'에서 'DWORD'(으)로 변환하면서 데이터가 손실될 수 있습니다.
C:\Users\Hyejin\Documents\GitHub\KatanaZero_WINAPI_Project\DefaultWindow\230608\Boss.cpp(344,35): warning C4244: '=': 'ULONGLONG'에서 'DWORD'(으)로 변환하면서 데이터가 손실될 수 있습니다.
C:\Users\Hyejin\Documents\GitHub\KatanaZero_WINAPI_Project\DefaultWindow\230608\Boss.cpp(355,35): warning C4244: '=': 'ULONGLONG'에서 'DWORD'(으)로 변환하면서 데이터가 손실될 수 있습니다.
C:\Users\Hyejin\Documents\GitHub\KatanaZero_WINAPI_Project\DefaultWindow\230608\Boss.cpp(365,35): warning C4244: '=': 'ULONGLONG'에서 'DWORD'(으)로 변환하면서 데이터가 손실될 수 있습니다.
C:\Users\Hyejin\Documents\GitHub\KatanaZero_WINAPI_Project\DefaultWindow\230608\Boss.cpp(375,35): warning C4244: '=': 'ULONGLONG'에서 'DWORD'(으)로 변환하면서 데이터가 손실될 수 있습니다.
C:\Users\Hyejin\Documents\GitHub\KatanaZero_WINAPI_Project\DefaultWindow\230608\Boss.cpp(385,35): warning C4244: '=': 'ULONGLONG'에서 'DWORD'(으)로 변환하면서 데이터가 손실될 수 있습니다.
C:\Users\Hyejin\Documents\GitHub\KatanaZero_WINAPI_Project\DefaultWindow\230608\Boss.cpp(396,35): warning C4244: '=': 'ULONGLONG'에서 'DWORD'(으)로 변환하면서 데이터가 손실될 수 있습니다.
C:\Users\Hyejin\Documents\GitHub\KatanaZero_WINAPI_Project\DefaultWindow\230608\Boss.cpp(406,35): warning C4244: '=': 'ULONGLONG'에서 'DWORD'(으)로 변환하면서 데이터가 손실될 수 있습니다.
C:\Users\Hyejin\Documents\GitHub\KatanaZero_WINAPI_Project\DefaultWindow\230608\Boss.cpp(416,35): warning C4244: '=': 'ULONGLONG'에서 'DWORD'(으)로 변환하면서 데이터가 손실될 수 있습니다.
C:\Users\Hyejin\Documents\GitHub\KatanaZero_WINAPI_Project\DefaultWindow\230608\Boss.cpp(426,35): warning C4244: '=': 'ULONGLONG'에서 'DWORD'(으)로 변환하면서 데이터가 손실될 수 있습니다.
C:\Users\Hyejin\Documents\GitHub\KatanaZero_WINAPI_Project\DefaultWindow\230608\Boss.cpp(436,35): warning C4244: '=': 'ULONGLONG'에서 'DWORD'(으)로 변환하면서 데이터가 손실될 수 있습니다.
C:\Users\Hyejin\Documents\GitHub\KatanaZero_WINAPI_Project\DefaultWindow\230608\Boss.cpp(447,35): warning C4244: '=': 'ULONGLONG'에서 'DWORD'(으)로 변환하면서 데이터가 손실될 수 있습니다.
C:\Users\Hyejin\Documents\GitHub\KatanaZero_WINAPI_Project\DefaultWindow\230608\Boss.cpp(457,35): warning C4244: '=': 'ULONGLONG'에서 'DWORD'(으)로 변환하면서 데이터가 손실될 수 있습니다.
C:\Users\Hyejin\Documents\GitHub\KatanaZero_WINAPI_Project\DefaultWindow\230608\Boss.cpp(467,35): warning C4244: '=': 'ULONGLONG'에서 'DWORD'(으)로 변환하면서 데이터가 손실될 수 있습니다.
C:\Users\Hyejin\Documents\GitHub\KatanaZero_WINAPI_Project\DefaultWindow\230608\Boss.cpp(477,35): warning C4244: '=': 'ULONGLONG'에서 'DWORD'(으)로 변환하면서 데이터가 손실될 수 있습니다.
C:\Users\Hyejin\Documents\GitHub\KatanaZero_WINAPI_Project\DefaultWindow\230608\Boss.cpp(487,35): warning C4244: '=': 'ULONGLONG'에서 'DWORD'(으)로 변환하면서 데이터가 손실될 수 있습니다.
C:\Users\Hyejin\Documents\GitHub\KatanaZero_WINAPI_Project\DefaultWindow\230608\Boss.cpp(498,35): warning C4244: '=': 'ULONGLONG'에서 'DWORD'(으)로 변환하면서 데이터가 손실될 수 있습니다.
C:\Users\Hyejin\Documents\GitHub\KatanaZero_WINAPI_Project\DefaultWindow\230608\Boss.cpp(508,35): warning C4244: '=': 'ULONGLONG'에서 'DWORD'(으)로 변환하면서 데이터가 손실될 수 있습니다.
C:\Users\Hyejin\Documents\GitHub\KatanaZero_WINAPI_Project\DefaultWindow\230608\Boss.cpp(518,35): warning C4244: '=': 'ULONGLONG'에서 'DWORD'(으)로 변환하면서 데이터가 손실될 수 있습니다.
C:\Users\Hyejin\Documents\GitHub\KatanaZero_WINAPI_Project\DefaultWindow\230608\Boss.cpp(528,35): warning C4244: '=': 'ULONGLONG'에서 'DWORD'(으)로 변환하면서 데이터가 손실될 수 있습니다.
C:\Users\Hyejin\Documents\GitHub\KatanaZero_WINAPI_Project\DefaultWindow\230608\Boss.cpp(698,46): warning C4244: '=': 'ULONGLONG'에서 'DWORD'(으)로 변환하면서 데이터가 손실될 수 있습니다.
C:\Users\Hyejin\Documents\GitHub\KatanaZero_WINAPI_Project\DefaultWindow\230608\Boss.cpp(878,32): warning C4244: '=': 'ULONGLONG'에서 'DWORD'(으)로 변환하면서 데이터가 손실될 수 있습니다.
C:\Users\Hyejin\Documents\GitHub\KatanaZero_WINAPI_Project\DefaultWindow\230608\Boss.cpp(887,47): warning C4244: '=': 'ULONGLONG'에서 'DWORD'(으)로 변환하면서 데이터가 손실될 수 있습니다.
C:\Users\Hyejin\Documents\GitHub\KatanaZero_WINAPI_Project\DefaultWindow\230608\Boss.cpp(888,32): warning C4244: '=': 'ULONGLONG'에서 'DWORD'(으)로 변환하면서 데이터가 손실될 수 있습니다.
C:\Users\Hyejin\Documents\GitHub\KatanaZero_WINAPI_Project\DefaultWindow\230608\Boss.cpp(1065,33): warning C4244: '=': 'ULONGLONG'에서 'DWORD'(으)로 변환하면서 데이터가 손실될 수 있습니다.
C:\Users\Hyejin\Documents\GitHub\KatanaZero_WINAPI_Project\DefaultWindow\230608\Boss.cpp(1076,33): warning C4244: '=': 'ULONGLONG'에서 'DWORD'(으)로 변환하면서 데이터가 손실될 수 있습니다.
C:\Users\Hyejin\Documents\GitHub\KatanaZero_WINAPI_Project\DefaultWindow\230608\Boss.cpp(1156,37): warning C4244: '=': 'ULONGLONG'에서 'DWORD'(으)로 변환하면서 데이터가 손실될 수 있습니다.
C:\Users\Hyejin\Documents\GitHub\KatanaZero_WINAPI_Project\DefaultWindow\230608\Boss.cpp(1299,21): warning C4018: '<': signed 또는 unsigned가 일치하지 않습니다.
  BossHead.cpp
C:\Users\Hyejin\Documents\GitHub\KatanaZero_WINAPI_Project\DefaultWindow\230608\Obj.h(127,25): warning C4244: '=': 'float'에서 'LONG'(으)로 변환하면서 데이터가 손실될 수 있습니다.
C:\Users\Hyejin\Documents\GitHub\KatanaZero_WINAPI_Project\DefaultWindow\230608\Obj.h(128,24): warning C4244: '=': 'float'에서 'LONG'(으)로 변환하면서 데이터가 손실될 수 있습니다.
C:\Users\Hyejin\Documents\GitHub\KatanaZero_WINAPI_Project\DefaultWindow\230608\Obj.h(129,26): warning C4244: '=': 'float'에서 'LONG'(으)로 변환하면서 데이터가 손실될 수 있습니다.
C:\Users\Hyejin\Documents\GitHub\KatanaZero_WINAPI_Project\DefaultWindow\230608\Obj.h(130,27): warning C4244: '=': 'float'에서 'LONG'(으)로 변환하면서 데이터가 손실될 수 있습니다.
C:\Users\Hyejin\Documents\GitHub\KatanaZero_WINAPI_Project\DefaultWindow\230608\Obj.h(152,27): warning C4244: '=': 'float'에서 'LONG'(으)로 변환하면서 데이터가 손실될 수 있습니다.
C:\Users\Hyejin\Documents\GitHub\KatanaZero_WINAPI_Project\DefaultWindow\230608\Obj.h(153,26): warning C4244: '=': 'float'에서 'LONG'(으)로 변환하면서 데이터가 손실될 수 있습니다.
C:\Users\Hyejin\Documents\GitHub\KatanaZero_WINAPI_Project\DefaultWindow\230608\Obj.h(154,28): warning C4244: '=': 'float'에서 'LONG'(으)로 변환하면서 데이터가 손실될 수 있습니다.
C:\Users\Hyejin\Documents\GitHub\KatanaZero_WINAPI_Project\DefaultWindow\230608\Obj.h(155,29): warning C4244: '=': 'float'에서 'LONG'(으)로 변환하면서 데이터가 손실될 수 있습니다.
C:\Users\Hyejin\Documents\GitHub\KatanaZero_WINAPI_Project\DefaultWindow\230608\BossHead.cpp(74,35): warning C4244: '=': 'ULONGLONG'에서 'DWORD'(으)로 변환하면서 데이터가 손실될 수 있습니다.
C:\Users\Hyejin\Documents\GitHub\KatanaZero_WINAPI_Project\DefaultWindow\230608\BossHead.cpp(84,35): warning C4244: '=': 'ULONGLONG'에서 'DWORD'(으)로 변환하면서 데이터가 손실될 수 있습니다.
C:\Users\Hyejin\Documents\GitHub\KatanaZero_WINAPI_Project\DefaultWindow\230608\BossHead.cpp(94,35): warning C4244: '=': 'ULONGLONG'에서 'DWORD'(으)로 변환하면서 데이터가 손실될 수 있습니다.
C:\Users\Hyejin\Documents\GitHub\KatanaZero_WINAPI_Project\DefaultWindow\230608\BossHead.cpp(106,46): warning C4244: '=': 'ULONGLONG'에서 'DWORD'(으)로 변환하면서 데이터가 손실될 수 있습니다.
C:\Users\Hyejin\Documents\GitHub\KatanaZero_WINAPI_Project\DefaultWindow\230608\BossHead.cpp(216,37): warning C4244: '=': 'ULONGLONG'에서 'DWORD'(으)로 변환하면서 데이터가 손실될 수 있습니다.
  BossStage.cpp
C:\Users\Hyejin\Documents\GitHub\KatanaZero_WINAPI_Project\DefaultWindow\230608\Obj.h(127,25): warning C4244: '=': 'float'에서 'LONG'(으)로 변환하면서 데이터가 손실될 수 있습니다.
C:\Users\Hyejin\Documents\GitHub\KatanaZero_WINAPI_Project\DefaultWindow\230608\Obj.h(128,24): warning C4244: '=': 'float'에서 'LONG'(으)로 변환하면서 데이터가 손실될 수 있습니다.
C:\Users\Hyejin\Documents\GitHub\KatanaZero_WINAPI_Project\DefaultWindow\230608\Obj.h(129,26): warning C4244: '=': 'float'에서 'LONG'(으)로 변환하면서 데이터가 손실될 수 있습니다.
C:\Users\Hyejin\Documents\GitHub\KatanaZero_WINAPI_Project\DefaultWindow\230608\Obj.h(130,27): warning C4244: '=': 'float'에서 'LONG'(으)로 변환하면서 데이터가 손실될 수 있습니다.
C:\Users\Hyejin\Documents\GitHub\KatanaZero_WINAPI_Project\DefaultWindow\230608\Obj.h(152,27): warning C4244: '=': 'float'에서 'LONG'(으)로 변환하면서 데이터가 손실될 수 있습니다.
C:\Users\Hyejin\Documents\GitHub\KatanaZero_WINAPI_Project\DefaultWindow\230608\Obj.h(153,26): warning C4244: '=': 'float'에서 'LONG'(으)로 변환하면서 데이터가 손실될 수 있습니다.
C:\Users\Hyejin\Documents\GitHub\KatanaZero_WINAPI_Project\DefaultWindow\230608\Obj.h(154,28): warning C4244: '=': 'float'에서 'LONG'(으)로 변환하면서 데이터가 손실될 수 있습니다.
C:\Users\Hyejin\Documents\GitHub\KatanaZero_WINAPI_Project\DefaultWindow\230608\Obj.h(155,29): warning C4244: '=': 'float'에서 'LONG'(으)로 변환하면서 데이터가 손실될 수 있습니다.
C:\Users\Hyejin\Documents\GitHub\KatanaZero_WINAPI_Project\DefaultWindow\230608\SceneManager.h(97,52): warning C4244: '=': 'ULONGLONG'에서 'DWORD'(으)로 변환하면서 데이터가 손실될 수 있습니다.
C:\Users\Hyejin\Documents\GitHub\KatanaZero_WINAPI_Project\DefaultWindow\230608\BossStage.cpp(81,29): warning C4244: '=': 'ULONGLONG'에서 'DWORD'(으)로 변환하면서 데이터가 손실될 수 있습니다.
C:\Users\Hyejin\Documents\GitHub\KatanaZero_WINAPI_Project\DefaultWindow\230608\BossStage.cpp(95,31): warning C4244: '=': 'ULONGLONG'에서 'DWORD'(으)로 변환하면서 데이터가 손실될 수 있습니다.
C:\Users\Hyejin\Documents\GitHub\KatanaZero_WINAPI_Project\DefaultWindow\230608\BossStage.cpp(99,31): warning C4244: '=': 'ULONGLONG'에서 'DWORD'(으)로 변환하면서 데이터가 손실될 수 있습니다.
C:\Users\Hyejin\Documents\GitHub\KatanaZero_WINAPI_Project\DefaultWindow\230608\BossStage.cpp(103,31): warning C4244: '=': 'ULONGLONG'에서 'DWORD'(으)로 변환하면서 데이터가 손실될 수 있습니다.
C:\Users\Hyejin\Documents\GitHub\KatanaZero_WINAPI_Project\DefaultWindow\230608\BossStage.cpp(107,31): warning C4244: '=': 'ULONGLONG'에서 'DWORD'(으)로 변환하면서 데이터가 손실될 수 있습니다.
C:\Users\Hyejin\Documents\GitHub\KatanaZero_WINAPI_Project\DefaultWindow\230608\BossStage.cpp(111,31): warning C4244: '=': 'ULONGLONG'에서 'DWORD'(으)로 변환하면서 데이터가 손실될 수 있습니다.
C:\Users\Hyejin\Documents\GitHub\KatanaZero_WINAPI_Project\DefaultWindow\230608\ObjFactory.h(31,12): warning C4244: '초기화 중': 'double'에서 'float'(으)로 변환하면서 데이터가 손실될 수 있습니다.
C:\Users\Hyejin\Documents\GitHub\KatanaZero_WINAPI_Project\DefaultWindow\230608\ObjFactory.h(28): message : 클래스 템플릿 멤버 함수 'CObj *CObjFactory<CGrabWall>::CreateRECT(float,float,float,float)'을(를) 컴파일하는 중입니다.
C:\Users\Hyejin\Documents\GitHub\KatanaZero_WINAPI_Project\DefaultWindow\230608\BossStage.cpp(60): message : 컴파일되는 함수 템플릿 인스턴스화 'CObj *CObjFactory<CGrabWall>::CreateRECT(float,float,float,float)'에 대한 참조를 확인하세요.
C:\Users\Hyejin\Documents\GitHub\KatanaZero_WINAPI_Project\DefaultWindow\230608\BossStage.cpp(60): message : 컴파일되는 클래스 템플릿 인스턴스화 'CObjFactory<CGrabWall>'에 대한 참조를 확인하세요.
C:\Users\Hyejin\Documents\GitHub\KatanaZero_WINAPI_Project\DefaultWindow\230608\ObjFactory.h(32,12): warning C4244: '초기화 중': 'double'에서 'float'(으)로 변환하면서 데이터가 손실될 수 있습니다.
  CameraComponent.cpp
C:\Users\Hyejin\Documents\GitHub\KatanaZero_WINAPI_Project\DefaultWindow\230608\Obj.h(127,25): warning C4244: '=': 'float'에서 'LONG'(으)로 변환하면서 데이터가 손실될 수 있습니다.
C:\Users\Hyejin\Documents\GitHub\KatanaZero_WINAPI_Project\DefaultWindow\230608\Obj.h(128,24): warning C4244: '=': 'float'에서 'LONG'(으)로 변환하면서 데이터가 손실될 수 있습니다.
C:\Users\Hyejin\Documents\GitHub\KatanaZero_WINAPI_Project\DefaultWindow\230608\Obj.h(129,26): warning C4244: '=': 'float'에서 'LONG'(으)로 변환하면서 데이터가 손실될 수 있습니다.
C:\Users\Hyejin\Documents\GitHub\KatanaZero_WINAPI_Project\DefaultWindow\230608\Obj.h(130,27): warning C4244: '=': 'float'에서 'LONG'(으)로 변환하면서 데이터가 손실될 수 있습니다.
C:\Users\Hyejin\Documents\GitHub\KatanaZero_WINAPI_Project\DefaultWindow\230608\Obj.h(152,27): warning C4244: '=': 'float'에서 'LONG'(으)로 변환하면서 데이터가 손실될 수 있습니다.
C:\Users\Hyejin\Documents\GitHub\KatanaZero_WINAPI_Project\DefaultWindow\230608\Obj.h(153,26): warning C4244: '=': 'float'에서 'LONG'(으)로 변환하면서 데이터가 손실될 수 있습니다.
C:\Users\Hyejin\Documents\GitHub\KatanaZero_WINAPI_Project\DefaultWindow\230608\Obj.h(154,28): warning C4244: '=': 'float'에서 'LONG'(으)로 변환하면서 데이터가 손실될 수 있습니다.
C:\Users\Hyejin\Documents\GitHub\KatanaZero_WINAPI_Project\DefaultWindow\230608\Obj.h(155,29): warning C4244: '=': 'float'에서 'LONG'(으)로 변환하면서 데이터가 손실될 수 있습니다.
C:\Users\Hyejin\Documents\GitHub\KatanaZero_WINAPI_Project\DefaultWindow\230608\SceneManager.h(97,52): warning C4244: '=': 'ULONGLONG'에서 'DWORD'(으)로 변환하면서 데이터가 손실될 수 있습니다.
  BossStage_1.cpp
C:\Users\Hyejin\Documents\GitHub\KatanaZero_WINAPI_Project\DefaultWindow\230608\Obj.h(127,25): warning C4244: '=': 'float'에서 'LONG'(으)로 변환하면서 데이터가 손실될 수 있습니다.
C:\Users\Hyejin\Documents\GitHub\KatanaZero_WINAPI_Project\DefaultWindow\230608\Obj.h(128,24): warning C4244: '=': 'float'에서 'LONG'(으)로 변환하면서 데이터가 손실될 수 있습니다.
C:\Users\Hyejin\Documents\GitHub\KatanaZero_WINAPI_Project\DefaultWindow\230608\Obj.h(129,26): warning C4244: '=': 'float'에서 'LONG'(으)로 변환하면서 데이터가 손실될 수 있습니다.
C:\Users\Hyejin\Documents\GitHub\KatanaZero_WINAPI_Project\DefaultWindow\230608\Obj.h(130,27): warning C4244: '=': 'float'에서 'LONG'(으)로 변환하면서 데이터가 손실될 수 있습니다.
C:\Users\Hyejin\Documents\GitHub\KatanaZero_WINAPI_Project\DefaultWindow\230608\Obj.h(152,27): warning C4244: '=': 'float'에서 'LONG'(으)로 변환하면서 데이터가 손실될 수 있습니다.
C:\Users\Hyejin\Documents\GitHub\KatanaZero_WINAPI_Project\DefaultWindow\230608\Obj.h(153,26): warning C4244: '=': 'float'에서 'LONG'(으)로 변환하면서 데이터가 손실될 수 있습니다.
C:\Users\Hyejin\Documents\GitHub\KatanaZero_WINAPI_Project\DefaultWindow\230608\Obj.h(154,28): warning C4244: '=': 'float'에서 'LONG'(으)로 변환하면서 데이터가 손실될 수 있습니다.
C:\Users\Hyejin\Documents\GitHub\KatanaZero_WINAPI_Project\DefaultWindow\230608\Obj.h(155,29): warning C4244: '=': 'float'에서 'LONG'(으)로 변환하면서 데이터가 손실될 수 있습니다.
C:\Users\Hyejin\Documents\GitHub\KatanaZero_WINAPI_Project\DefaultWindow\230608\SceneManager.h(97,52): warning C4244: '=': 'ULONGLONG'에서 'DWORD'(으)로 변환하면서 데이터가 손실될 수 있습니다.
C:\Users\Hyejin\Documents\GitHub\KatanaZero_WINAPI_Project\DefaultWindow\230608\BossStage_1.cpp(92,35): warning C4244: '=': 'ULONGLONG'에서 'DWORD'(으)로 변환하면서 데이터가 손실될 수 있습니다.
C:\Users\Hyejin\Documents\GitHub\KatanaZero_WINAPI_Project\DefaultWindow\230608\BossStage_1.cpp(99,86): warning C4244: '인수': 'int'에서 'float'(으)로 변환하면서 데이터가 손실될 수 있습니다.
C:\Users\Hyejin\Documents\GitHub\KatanaZero_WINAPI_Project\DefaultWindow\230608\ObjFactory.h(31,12): warning C4244: '초기화 중': 'double'에서 'float'(으)로 변환하면서 데이터가 손실될 수 있습니다.
C:\Users\Hyejin\Documents\GitHub\KatanaZero_WINAPI_Project\DefaultWindow\230608\ObjFactory.h(28): message : 클래스 템플릿 멤버 함수 'CObj *CObjFactory<CWall>::CreateRECT(float,float,float,float)'을(를) 컴파일하는 중입니다.
C:\Users\Hyejin\Documents\GitHub\KatanaZero_WINAPI_Project\DefaultWindow\230608\BossStage_1.cpp(63): message : 컴파일되는 함수 템플릿 인스턴스화 'CObj *CObjFactory<CWall>::CreateRECT(float,float,float,float)'에 대한 참조를 확인하세요.
C:\Users\Hyejin\Documents\GitHub\KatanaZero_WINAPI_Project\DefaultWindow\230608\BossStage_1.cpp(63): message : 컴파일되는 클래스 템플릿 인스턴스화 'CObjFactory<CWall>'에 대한 참조를 확인하세요.
C:\Users\Hyejin\Documents\GitHub\KatanaZero_WINAPI_Project\DefaultWindow\230608\ObjFactory.h(32,12): warning C4244: '초기화 중': 'double'에서 'float'(으)로 변환하면서 데이터가 손실될 수 있습니다.
  Character.cpp
C:\Users\Hyejin\Documents\GitHub\KatanaZero_WINAPI_Project\DefaultWindow\230608\Obj.h(127,25): warning C4244: '=': 'float'에서 'LONG'(으)로 변환하면서 데이터가 손실될 수 있습니다.
C:\Users\Hyejin\Documents\GitHub\KatanaZero_WINAPI_Project\DefaultWindow\230608\Obj.h(128,24): warning C4244: '=': 'float'에서 'LONG'(으)로 변환하면서 데이터가 손실될 수 있습니다.
C:\Users\Hyejin\Documents\GitHub\KatanaZero_WINAPI_Project\DefaultWindow\230608\Obj.h(129,26): warning C4244: '=': 'float'에서 'LONG'(으)로 변환하면서 데이터가 손실될 수 있습니다.
C:\Users\Hyejin\Documents\GitHub\KatanaZero_WINAPI_Project\DefaultWindow\230608\Obj.h(130,27): warning C4244: '=': 'float'에서 'LONG'(으)로 변환하면서 데이터가 손실될 수 있습니다.
C:\Users\Hyejin\Documents\GitHub\KatanaZero_WINAPI_Project\DefaultWindow\230608\Obj.h(152,27): warning C4244: '=': 'float'에서 'LONG'(으)로 변환하면서 데이터가 손실될 수 있습니다.
C:\Users\Hyejin\Documents\GitHub\KatanaZero_WINAPI_Project\DefaultWindow\230608\Obj.h(153,26): warning C4244: '=': 'float'에서 'LONG'(으)로 변환하면서 데이터가 손실될 수 있습니다.
C:\Users\Hyejin\Documents\GitHub\KatanaZero_WINAPI_Project\DefaultWindow\230608\Obj.h(154,28): warning C4244: '=': 'float'에서 'LONG'(으)로 변환하면서 데이터가 손실될 수 있습니다.
C:\Users\Hyejin\Documents\GitHub\KatanaZero_WINAPI_Project\DefaultWindow\230608\Obj.h(155,29): warning C4244: '=': 'float'에서 'LONG'(으)로 변환하면서 데이터가 손실될 수 있습니다.
  CollisionMgr.cpp
C:\Users\Hyejin\Documents\GitHub\KatanaZero_WINAPI_Project\DefaultWindow\230608\Obj.h(127,25): warning C4244: '=': 'float'에서 'LONG'(으)로 변환하면서 데이터가 손실될 수 있습니다.
C:\Users\Hyejin\Documents\GitHub\KatanaZero_WINAPI_Project\DefaultWindow\230608\Obj.h(128,24): warning C4244: '=': 'float'에서 'LONG'(으)로 변환하면서 데이터가 손실될 수 있습니다.
C:\Users\Hyejin\Documents\GitHub\KatanaZero_WINAPI_Project\DefaultWindow\230608\Obj.h(129,26): warning C4244: '=': 'float'에서 'LONG'(으)로 변환하면서 데이터가 손실될 수 있습니다.
C:\Users\Hyejin\Documents\GitHub\KatanaZero_WINAPI_Project\DefaultWindow\230608\Obj.h(130,27): warning C4244: '=': 'float'에서 'LONG'(으)로 변환하면서 데이터가 손실될 수 있습니다.
C:\Users\Hyejin\Documents\GitHub\KatanaZero_WINAPI_Project\DefaultWindow\230608\Obj.h(152,27): warning C4244: '=': 'float'에서 'LONG'(으)로 변환하면서 데이터가 손실될 수 있습니다.
C:\Users\Hyejin\Documents\GitHub\KatanaZero_WINAPI_Project\DefaultWindow\230608\Obj.h(153,26): warning C4244: '=': 'float'에서 'LONG'(으)로 변환하면서 데이터가 손실될 수 있습니다.
C:\Users\Hyejin\Documents\GitHub\KatanaZero_WINAPI_Project\DefaultWindow\230608\Obj.h(154,28): warning C4244: '=': 'float'에서 'LONG'(으)로 변환하면서 데이터가 손실될 수 있습니다.
C:\Users\Hyejin\Documents\GitHub\KatanaZero_WINAPI_Project\DefaultWindow\230608\Obj.h(155,29): warning C4244: '=': 'float'에서 'LONG'(으)로 변환하면서 데이터가 손실될 수 있습니다.
C:\Users\Hyejin\Documents\GitHub\KatanaZero_WINAPI_Project\DefaultWindow\230608\CollisionMgr.cpp(25,8): warning C4101: 'sec' :참조되지 않은 지역 변수입니다.
C:\Users\Hyejin\Documents\GitHub\KatanaZero_WINAPI_Project\DefaultWindow\230608\CollisionMgr.cpp(24,8): warning C4101: 'fir' :참조되지 않은 지역 변수입니다.
  Component.cpp
  LaserObject.cpp
C:\Users\Hyejin\Documents\GitHub\KatanaZero_WINAPI_Project\DefaultWindow\230608\Obj.h(127,25): warning C4244: '=': 'float'에서 'LONG'(으)로 변환하면서 데이터가 손실될 수 있습니다.
C:\Users\Hyejin\Documents\GitHub\KatanaZero_WINAPI_Project\DefaultWindow\230608\Obj.h(128,24): warning C4244: '=': 'float'에서 'LONG'(으)로 변환하면서 데이터가 손실될 수 있습니다.
C:\Users\Hyejin\Documents\GitHub\KatanaZero_WINAPI_Project\DefaultWindow\230608\Obj.h(129,26): warning C4244: '=': 'float'에서 'LONG'(으)로 변환하면서 데이터가 손실될 수 있습니다.
C:\Users\Hyejin\Documents\GitHub\KatanaZero_WINAPI_Project\DefaultWindow\230608\Obj.h(130,27): warning C4244: '=': 'float'에서 'LONG'(으)로 변환하면서 데이터가 손실될 수 있습니다.
C:\Users\Hyejin\Documents\GitHub\KatanaZero_WINAPI_Project\DefaultWindow\230608\Obj.h(152,27): warning C4244: '=': 'float'에서 'LONG'(으)로 변환하면서 데이터가 손실될 수 있습니다.
C:\Users\Hyejin\Documents\GitHub\KatanaZero_WINAPI_Project\DefaultWindow\230608\Obj.h(153,26): warning C4244: '=': 'float'에서 'LONG'(으)로 변환하면서 데이터가 손실될 수 있습니다.
C:\Users\Hyejin\Documents\GitHub\KatanaZero_WINAPI_Project\DefaultWindow\230608\Obj.h(154,28): warning C4244: '=': 'float'에서 'LONG'(으)로 변환하면서 데이터가 손실될 수 있습니다.
C:\Users\Hyejin\Documents\GitHub\KatanaZero_WINAPI_Project\DefaultWindow\230608\Obj.h(155,29): warning C4244: '=': 'float'에서 'LONG'(으)로 변환하면서 데이터가 손실될 수 있습니다.
C:\Users\Hyejin\Documents\GitHub\KatanaZero_WINAPI_Project\DefaultWindow\230608\LaserObject.cpp(60,35): warning C4244: '=': 'ULONGLONG'에서 'DWORD'(으)로 변환하면서 데이터가 손실될 수 있습니다.
C:\Users\Hyejin\Documents\GitHub\KatanaZero_WINAPI_Project\DefaultWindow\230608\LaserObject.cpp(70,35): warning C4244: '=': 'ULONGLONG'에서 'DWORD'(으)로 변환하면서 데이터가 손실될 수 있습니다.
  ThirdStage.cpp
C:\Users\Hyejin\Documents\GitHub\KatanaZero_WINAPI_Project\DefaultWindow\230608\Obj.h(127,25): warning C4244: '=': 'float'에서 'LONG'(으)로 변환하면서 데이터가 손실될 수 있습니다.
C:\Users\Hyejin\Documents\GitHub\KatanaZero_WINAPI_Project\DefaultWindow\230608\Obj.h(128,24): warning C4244: '=': 'float'에서 'LONG'(으)로 변환하면서 데이터가 손실될 수 있습니다.
C:\Users\Hyejin\Documents\GitHub\KatanaZero_WINAPI_Project\DefaultWindow\230608\Obj.h(129,26): warning C4244: '=': 'float'에서 'LONG'(으)로 변환하면서 데이터가 손실될 수 있습니다.
C:\Users\Hyejin\Documents\GitHub\KatanaZero_WINAPI_Project\DefaultWindow\230608\Obj.h(130,27): warning C4244: '=': 'float'에서 'LONG'(으)로 변환하면서 데이터가 손실될 수 있습니다.
C:\Users\Hyejin\Documents\GitHub\KatanaZero_WINAPI_Project\DefaultWindow\230608\Obj.h(152,27): warning C4244: '=': 'float'에서 'LONG'(으)로 변환하면서 데이터가 손실될 수 있습니다.
C:\Users\Hyejin\Documents\GitHub\KatanaZero_WINAPI_Project\DefaultWindow\230608\Obj.h(153,26): warning C4244: '=': 'float'에서 'LONG'(으)로 변환하면서 데이터가 손실될 수 있습니다.
C:\Users\Hyejin\Documents\GitHub\KatanaZero_WINAPI_Project\DefaultWindow\230608\Obj.h(154,28): warning C4244: '=': 'float'에서 'LONG'(으)로 변환하면서 데이터가 손실될 수 있습니다.
C:\Users\Hyejin\Documents\GitHub\KatanaZero_WINAPI_Project\DefaultWindow\230608\Obj.h(155,29): warning C4244: '=': 'float'에서 'LONG'(으)로 변환하면서 데이터가 손실될 수 있습니다.
C:\Users\Hyejin\Documents\GitHub\KatanaZero_WINAPI_Project\DefaultWindow\230608\SceneManager.h(97,52): warning C4244: '=': 'ULONGLONG'에서 'DWORD'(으)로 변환하면서 데이터가 손실될 수 있습니다.
C:\Users\Hyejin\Documents\GitHub\KatanaZero_WINAPI_Project\DefaultWindow\230608\ObjFactory.h(31,12): warning C4244: '초기화 중': 'double'에서 'float'(으)로 변환하면서 데이터가 손실될 수 있습니다.
C:\Users\Hyejin\Documents\GitHub\KatanaZero_WINAPI_Project\DefaultWindow\230608\ObjFactory.h(28): message : 클래스 템플릿 멤버 함수 'CObj *CObjFactory<CWall>::CreateRECT(float,float,float,float)'을(를) 컴파일하는 중입니다.
C:\Users\Hyejin\Documents\GitHub\KatanaZero_WINAPI_Project\DefaultWindow\230608\ThirdStage.cpp(53): message : 컴파일되는 함수 템플릿 인스턴스화 'CObj *CObjFactory<CWall>::CreateRECT(float,float,float,float)'에 대한 참조를 확인하세요.
C:\Users\Hyejin\Documents\GitHub\KatanaZero_WINAPI_Project\DefaultWindow\230608\ThirdStage.cpp(53): message : 컴파일되는 클래스 템플릿 인스턴스화 'CObjFactory<CWall>'에 대한 참조를 확인하세요.
C:\Users\Hyejin\Documents\GitHub\KatanaZero_WINAPI_Project\DefaultWindow\230608\ObjFactory.h(32,12): warning C4244: '초기화 중': 'double'에서 'float'(으)로 변환하면서 데이터가 손실될 수 있습니다.
  Transition.cpp
C:\Users\Hyejin\Documents\GitHub\KatanaZero_WINAPI_Project\DefaultWindow\230608\Obj.h(127,25): warning C4244: '=': 'float'에서 'LONG'(으)로 변환하면서 데이터가 손실될 수 있습니다.
C:\Users\Hyejin\Documents\GitHub\KatanaZero_WINAPI_Project\DefaultWindow\230608\Obj.h(128,24): warning C4244: '=': 'float'에서 'LONG'(으)로 변환하면서 데이터가 손실될 수 있습니다.
C:\Users\Hyejin\Documents\GitHub\KatanaZero_WINAPI_Project\DefaultWindow\230608\Obj.h(129,26): warning C4244: '=': 'float'에서 'LONG'(으)로 변환하면서 데이터가 손실될 수 있습니다.
C:\Users\Hyejin\Documents\GitHub\KatanaZero_WINAPI_Project\DefaultWindow\230608\Obj.h(130,27): warning C4244: '=': 'float'에서 'LONG'(으)로 변환하면서 데이터가 손실될 수 있습니다.
C:\Users\Hyejin\Documents\GitHub\KatanaZero_WINAPI_Project\DefaultWindow\230608\Obj.h(152,27): warning C4244: '=': 'float'에서 'LONG'(으)로 변환하면서 데이터가 손실될 수 있습니다.
C:\Users\Hyejin\Documents\GitHub\KatanaZero_WINAPI_Project\DefaultWindow\230608\Obj.h(153,26): warning C4244: '=': 'float'에서 'LONG'(으)로 변환하면서 데이터가 손실될 수 있습니다.
C:\Users\Hyejin\Documents\GitHub\KatanaZero_WINAPI_Project\DefaultWindow\230608\Obj.h(154,28): warning C4244: '=': 'float'에서 'LONG'(으)로 변환하면서 데이터가 손실될 수 있습니다.
C:\Users\Hyejin\Documents\GitHub\KatanaZero_WINAPI_Project\DefaultWindow\230608\Obj.h(155,29): warning C4244: '=': 'float'에서 'LONG'(으)로 변환하면서 데이터가 손실될 수 있습니다.
  Fan.cpp
C:\Users\Hyejin\Documents\GitHub\KatanaZero_WINAPI_Project\DefaultWindow\230608\Obj.h(127,25): warning C4244: '=': 'float'에서 'LONG'(으)로 변환하면서 데이터가 손실될 수 있습니다.
C:\Users\Hyejin\Documents\GitHub\KatanaZero_WINAPI_Project\DefaultWindow\230608\Obj.h(128,24): warning C4244: '=': 'float'에서 'LONG'(으)로 변환하면서 데이터가 손실될 수 있습니다.
C:\Users\Hyejin\Documents\GitHub\KatanaZero_WINAPI_Project\DefaultWindow\230608\Obj.h(129,26): warning C4244: '=': 'float'에서 'LONG'(으)로 변환하면서 데이터가 손실될 수 있습니다.
C:\Users\Hyejin\Documents\GitHub\KatanaZero_WINAPI_Project\DefaultWindow\230608\Obj.h(130,27): warning C4244: '=': 'float'에서 'LONG'(으)로 변환하면서 데이터가 손실될 수 있습니다.
C:\Users\Hyejin\Documents\GitHub\KatanaZero_WINAPI_Project\DefaultWindow\230608\Obj.h(152,27): warning C4244: '=': 'float'에서 'LONG'(으)로 변환하면서 데이터가 손실될 수 있습니다.
C:\Users\Hyejin\Documents\GitHub\KatanaZero_WINAPI_Project\DefaultWindow\230608\Obj.h(153,26): warning C4244: '=': 'float'에서 'LONG'(으)로 변환하면서 데이터가 손실될 수 있습니다.
C:\Users\Hyejin\Documents\GitHub\KatanaZero_WINAPI_Project\DefaultWindow\230608\Obj.h(154,28): warning C4244: '=': 'float'에서 'LONG'(으)로 변환하면서 데이터가 손실될 수 있습니다.
C:\Users\Hyejin\Documents\GitHub\KatanaZero_WINAPI_Project\DefaultWindow\230608\Obj.h(155,29): warning C4244: '=': 'float'에서 'LONG'(으)로 변환하면서 데이터가 손실될 수 있습니다.
C:\Users\Hyejin\Documents\GitHub\KatanaZero_WINAPI_Project\DefaultWindow\230608\Fan.cpp(63,35): warning C4244: '=': 'ULONGLONG'에서 'DWORD'(으)로 변환하면서 데이터가 손실될 수 있습니다.
  FirstStage.cpp
C:\Users\Hyejin\Documents\GitHub\KatanaZero_WINAPI_Project\DefaultWindow\230608\Obj.h(127,25): warning C4244: '=': 'float'에서 'LONG'(으)로 변환하면서 데이터가 손실될 수 있습니다.
C:\Users\Hyejin\Documents\GitHub\KatanaZero_WINAPI_Project\DefaultWindow\230608\Obj.h(128,24): warning C4244: '=': 'float'에서 'LONG'(으)로 변환하면서 데이터가 손실될 수 있습니다.
C:\Users\Hyejin\Documents\GitHub\KatanaZero_WINAPI_Project\DefaultWindow\230608\Obj.h(129,26): warning C4244: '=': 'float'에서 'LONG'(으)로 변환하면서 데이터가 손실될 수 있습니다.
C:\Users\Hyejin\Documents\GitHub\KatanaZero_WINAPI_Project\DefaultWindow\230608\Obj.h(130,27): warning C4244: '=': 'float'에서 'LONG'(으)로 변환하면서 데이터가 손실될 수 있습니다.
C:\Users\Hyejin\Documents\GitHub\KatanaZero_WINAPI_Project\DefaultWindow\230608\Obj.h(152,27): warning C4244: '=': 'float'에서 'LONG'(으)로 변환하면서 데이터가 손실될 수 있습니다.
C:\Users\Hyejin\Documents\GitHub\KatanaZero_WINAPI_Project\DefaultWindow\230608\Obj.h(153,26): warning C4244: '=': 'float'에서 'LONG'(으)로 변환하면서 데이터가 손실될 수 있습니다.
C:\Users\Hyejin\Documents\GitHub\KatanaZero_WINAPI_Project\DefaultWindow\230608\Obj.h(154,28): warning C4244: '=': 'float'에서 'LONG'(으)로 변환하면서 데이터가 손실될 수 있습니다.
C:\Users\Hyejin\Documents\GitHub\KatanaZero_WINAPI_Project\DefaultWindow\230608\Obj.h(155,29): warning C4244: '=': 'float'에서 'LONG'(으)로 변환하면서 데이터가 손실될 수 있습니다.
C:\Users\Hyejin\Documents\GitHub\KatanaZero_WINAPI_Project\DefaultWindow\230608\SceneManager.h(97,52): warning C4244: '=': 'ULONGLONG'에서 'DWORD'(으)로 변환하면서 데이터가 손실될 수 있습니다.
C:\Users\Hyejin\Documents\GitHub\KatanaZero_WINAPI_Project\DefaultWindow\230608\ObjFactory.h(31,12): warning C4244: '초기화 중': 'double'에서 'float'(으)로 변환하면서 데이터가 손실될 수 있습니다.
C:\Users\Hyejin\Documents\GitHub\KatanaZero_WINAPI_Project\DefaultWindow\230608\ObjFactory.h(28): message : 클래스 템플릿 멤버 함수 'CObj *CObjFactory<CFan>::CreateRECT(float,float,float,float)'을(를) 컴파일하는 중입니다.
C:\Users\Hyejin\Documents\GitHub\KatanaZero_WINAPI_Project\DefaultWindow\230608\FirstStage.cpp(52): message : 컴파일되는 함수 템플릿 인스턴스화 'CObj *CObjFactory<CFan>::CreateRECT(float,float,float,float)'에 대한 참조를 확인하세요.
C:\Users\Hyejin\Documents\GitHub\KatanaZero_WINAPI_Project\DefaultWindow\230608\FirstStage.cpp(52): message : 컴파일되는 클래스 템플릿 인스턴스화 'CObjFactory<CFan>'에 대한 참조를 확인하세요.
C:\Users\Hyejin\Documents\GitHub\KatanaZero_WINAPI_Project\DefaultWindow\230608\ObjFactory.h(32,12): warning C4244: '초기화 중': 'double'에서 'float'(으)로 변환하면서 데이터가 손실될 수 있습니다.
  GrabWall.cpp
C:\Users\Hyejin\Documents\GitHub\KatanaZero_WINAPI_Project\DefaultWindow\230608\Obj.h(127,25): warning C4244: '=': 'float'에서 'LONG'(으)로 변환하면서 데이터가 손실될 수 있습니다.
C:\Users\Hyejin\Documents\GitHub\KatanaZero_WINAPI_Project\DefaultWindow\230608\Obj.h(128,24): warning C4244: '=': 'float'에서 'LONG'(으)로 변환하면서 데이터가 손실될 수 있습니다.
C:\Users\Hyejin\Documents\GitHub\KatanaZero_WINAPI_Project\DefaultWindow\230608\Obj.h(129,26): warning C4244: '=': 'float'에서 'LONG'(으)로 변환하면서 데이터가 손실될 수 있습니다.
C:\Users\Hyejin\Documents\GitHub\KatanaZero_WINAPI_Project\DefaultWindow\230608\Obj.h(130,27): warning C4244: '=': 'float'에서 'LONG'(으)로 변환하면서 데이터가 손실될 수 있습니다.
C:\Users\Hyejin\Documents\GitHub\KatanaZero_WINAPI_Project\DefaultWindow\230608\Obj.h(152,27): warning C4244: '=': 'float'에서 'LONG'(으)로 변환하면서 데이터가 손실될 수 있습니다.
C:\Users\Hyejin\Documents\GitHub\KatanaZero_WINAPI_Project\DefaultWindow\230608\Obj.h(153,26): warning C4244: '=': 'float'에서 'LONG'(으)로 변환하면서 데이터가 손실될 수 있습니다.
C:\Users\Hyejin\Documents\GitHub\KatanaZero_WINAPI_Project\DefaultWindow\230608\Obj.h(154,28): warning C4244: '=': 'float'에서 'LONG'(으)로 변환하면서 데이터가 손실될 수 있습니다.
C:\Users\Hyejin\Documents\GitHub\KatanaZero_WINAPI_Project\DefaultWindow\230608\Obj.h(155,29): warning C4244: '=': 'float'에서 'LONG'(으)로 변환하면서 데이터가 손실될 수 있습니다.
  컴파일하고 있습니다...
  GunEnemy.cpp
C:\Users\Hyejin\Documents\GitHub\KatanaZero_WINAPI_Project\DefaultWindow\230608\Obj.h(127,25): warning C4244: '=': 'float'에서 'LONG'(으)로 변환하면서 데이터가 손실될 수 있습니다.
C:\Users\Hyejin\Documents\GitHub\KatanaZero_WINAPI_Project\DefaultWindow\230608\Obj.h(128,24): warning C4244: '=': 'float'에서 'LONG'(으)로 변환하면서 데이터가 손실될 수 있습니다.
C:\Users\Hyejin\Documents\GitHub\KatanaZero_WINAPI_Project\DefaultWindow\230608\Obj.h(129,26): warning C4244: '=': 'float'에서 'LONG'(으)로 변환하면서 데이터가 손실될 수 있습니다.
C:\Users\Hyejin\Documents\GitHub\KatanaZero_WINAPI_Project\DefaultWindow\230608\Obj.h(130,27): warning C4244: '=': 'float'에서 'LONG'(으)로 변환하면서 데이터가 손실될 수 있습니다.
C:\Users\Hyejin\Documents\GitHub\KatanaZero_WINAPI_Project\DefaultWindow\230608\Obj.h(152,27): warning C4244: '=': 'float'에서 'LONG'(으)로 변환하면서 데이터가 손실될 수 있습니다.
C:\Users\Hyejin\Documents\GitHub\KatanaZero_WINAPI_Project\DefaultWindow\230608\Obj.h(153,26): warning C4244: '=': 'float'에서 'LONG'(으)로 변환하면서 데이터가 손실될 수 있습니다.
C:\Users\Hyejin\Documents\GitHub\KatanaZero_WINAPI_Project\DefaultWindow\230608\Obj.h(154,28): warning C4244: '=': 'float'에서 'LONG'(으)로 변환하면서 데이터가 손실될 수 있습니다.
C:\Users\Hyejin\Documents\GitHub\KatanaZero_WINAPI_Project\DefaultWindow\230608\Obj.h(155,29): warning C4244: '=': 'float'에서 'LONG'(으)로 변환하면서 데이터가 손실될 수 있습니다.
C:\Users\Hyejin\Documents\GitHub\KatanaZero_WINAPI_Project\DefaultWindow\230608\SceneManager.h(97,52): warning C4244: '=': 'ULONGLONG'에서 'DWORD'(으)로 변환하면서 데이터가 손실될 수 있습니다.
C:\Users\Hyejin\Documents\GitHub\KatanaZero_WINAPI_Project\DefaultWindow\230608\GunEnemy.cpp(36,29): warning C4244: '=': 'ULONGLONG'에서 'DWORD'(으)로 변환하면서 데이터가 손실될 수 있습니다.
C:\Users\Hyejin\Documents\GitHub\KatanaZero_WINAPI_Project\DefaultWindow\230608\GunEnemy.cpp(108,35): warning C4244: '=': 'ULONGLONG'에서 'DWORD'(으)로 변환하면서 데이터가 손실될 수 있습니다.
C:\Users\Hyejin\Documents\GitHub\KatanaZero_WINAPI_Project\DefaultWindow\230608\GunEnemy.cpp(118,35): warning C4244: '=': 'ULONGLONG'에서 'DWORD'(으)로 변환하면서 데이터가 손실될 수 있습니다.
C:\Users\Hyejin\Documents\GitHub\KatanaZero_WINAPI_Project\DefaultWindow\230608\GunEnemy.cpp(128,35): warning C4244: '=': 'ULONGLONG'에서 'DWORD'(으)로 변환하면서 데이터가 손실될 수 있습니다.
C:\Users\Hyejin\Documents\GitHub\KatanaZero_WINAPI_Project\DefaultWindow\230608\GunEnemy.cpp(138,35): warning C4244: '=': 'ULONGLONG'에서 'DWORD'(으)로 변환하면서 데이터가 손실될 수 있습니다.
C:\Users\Hyejin\Documents\GitHub\KatanaZero_WINAPI_Project\DefaultWindow\230608\GunEnemy.cpp(148,35): warning C4244: '=': 'ULONGLONG'에서 'DWORD'(으)로 변환하면서 데이터가 손실될 수 있습니다.
C:\Users\Hyejin\Documents\GitHub\KatanaZero_WINAPI_Project\DefaultWindow\230608\GunEnemy.cpp(158,35): warning C4244: '=': 'ULONGLONG'에서 'DWORD'(으)로 변환하면서 데이터가 손실될 수 있습니다.
C:\Users\Hyejin\Documents\GitHub\KatanaZero_WINAPI_Project\DefaultWindow\230608\GunEnemy.cpp(282,46): warning C4244: '=': 'ULONGLONG'에서 'DWORD'(으)로 변환하면서 데이터가 손실될 수 있습니다.
C:\Users\Hyejin\Documents\GitHub\KatanaZero_WINAPI_Project\DefaultWindow\230608\GunEnemy.cpp(325,33): warning C4244: '=': 'ULONGLONG'에서 'DWORD'(으)로 변환하면서 데이터가 손실될 수 있습니다.
C:\Users\Hyejin\Documents\GitHub\KatanaZero_WINAPI_Project\DefaultWindow\230608\GunEnemy.cpp(363,32): warning C4244: '=': 'ULONGLONG'에서 'DWORD'(으)로 변환하면서 데이터가 손실될 수 있습니다.
C:\Users\Hyejin\Documents\GitHub\KatanaZero_WINAPI_Project\DefaultWindow\230608\GunEnemy.cpp(437,35): warning C4244: '=': 'ULONGLONG'에서 'DWORD'(으)로 변환하면서 데이터가 손실될 수 있습니다.
C:\Users\Hyejin\Documents\GitHub\KatanaZero_WINAPI_Project\DefaultWindow\230608\GunEnemy.cpp(513,31): warning C4244: '=': 'ULONGLONG'에서 'DWORD'(으)로 변환하면서 데이터가 손실될 수 있습니다.
C:\Users\Hyejin\Documents\GitHub\KatanaZero_WINAPI_Project\DefaultWindow\230608\GunEnemy.cpp(559,37): warning C4244: '=': 'ULONGLONG'에서 'DWORD'(으)로 변환하면서 데이터가 손실될 수 있습니다.
C:\Users\Hyejin\Documents\GitHub\KatanaZero_WINAPI_Project\DefaultWindow\230608\GunEnemy.cpp(599,46): warning C4244: '=': 'float'에서 'LONG'(으)로 변환하면서 데이터가 손실될 수 있습니다.
C:\Users\Hyejin\Documents\GitHub\KatanaZero_WINAPI_Project\DefaultWindow\230608\GunEnemy.cpp(600,44): warning C4244: '=': 'float'에서 'LONG'(으)로 변환하면서 데이터가 손실될 수 있습니다.
C:\Users\Hyejin\Documents\GitHub\KatanaZero_WINAPI_Project\DefaultWindow\230608\GunEnemy.cpp(602,42): warning C4244: '=': 'float'에서 'LONG'(으)로 변환하면서 데이터가 손실될 수 있습니다.
  HJS1.cpp
C:\Users\Hyejin\Documents\GitHub\KatanaZero_WINAPI_Project\DefaultWindow\230608\Obj.h(127,25): warning C4244: '=': 'float'에서 'LONG'(으)로 변환하면서 데이터가 손실될 수 있습니다.
C:\Users\Hyejin\Documents\GitHub\KatanaZero_WINAPI_Project\DefaultWindow\230608\Obj.h(128,24): warning C4244: '=': 'float'에서 'LONG'(으)로 변환하면서 데이터가 손실될 수 있습니다.
C:\Users\Hyejin\Documents\GitHub\KatanaZero_WINAPI_Project\DefaultWindow\230608\Obj.h(129,26): warning C4244: '=': 'float'에서 'LONG'(으)로 변환하면서 데이터가 손실될 수 있습니다.
C:\Users\Hyejin\Documents\GitHub\KatanaZero_WINAPI_Project\DefaultWindow\230608\Obj.h(130,27): warning C4244: '=': 'float'에서 'LONG'(으)로 변환하면서 데이터가 손실될 수 있습니다.
C:\Users\Hyejin\Documents\GitHub\KatanaZero_WINAPI_Project\DefaultWindow\230608\Obj.h(152,27): warning C4244: '=': 'float'에서 'LONG'(으)로 변환하면서 데이터가 손실될 수 있습니다.
C:\Users\Hyejin\Documents\GitHub\KatanaZero_WINAPI_Project\DefaultWindow\230608\Obj.h(153,26): warning C4244: '=': 'float'에서 'LONG'(으)로 변환하면서 데이터가 손실될 수 있습니다.
C:\Users\Hyejin\Documents\GitHub\KatanaZero_WINAPI_Project\DefaultWindow\230608\Obj.h(154,28): warning C4244: '=': 'float'에서 'LONG'(으)로 변환하면서 데이터가 손실될 수 있습니다.
C:\Users\Hyejin\Documents\GitHub\KatanaZero_WINAPI_Project\DefaultWindow\230608\Obj.h(155,29): warning C4244: '=': 'float'에서 'LONG'(으)로 변환하면서 데이터가 손실될 수 있습니다.
C:\Users\Hyejin\Documents\GitHub\KatanaZero_WINAPI_Project\DefaultWindow\230608\SceneManager.h(97,52): warning C4244: '=': 'ULONGLONG'에서 'DWORD'(으)로 변환하면서 데이터가 손실될 수 있습니다.
C:\Users\Hyejin\Documents\GitHub\KatanaZero_WINAPI_Project\DefaultWindow\230608\ObjFactory.h(31,12): warning C4244: '초기화 중': 'double'에서 'float'(으)로 변환하면서 데이터가 손실될 수 있습니다.
C:\Users\Hyejin\Documents\GitHub\KatanaZero_WINAPI_Project\DefaultWindow\230608\ObjFactory.h(28): message : 클래스 템플릿 멤버 함수 'CObj *CObjFactory<CWall>::CreateRECT(float,float,float,float)'을(를) 컴파일하는 중입니다.
C:\Users\Hyejin\Documents\GitHub\KatanaZero_WINAPI_Project\DefaultWindow\230608\HJS1.cpp(44): message : 컴파일되는 함수 템플릿 인스턴스화 'CObj *CObjFactory<CWall>::CreateRECT(float,float,float,float)'에 대한 참조를 확인하세요.
C:\Users\Hyejin\Documents\GitHub\KatanaZero_WINAPI_Project\DefaultWindow\230608\HJS1.cpp(44): message : 컴파일되는 클래스 템플릿 인스턴스화 'CObjFactory<CWall>'에 대한 참조를 확인하세요.
C:\Users\Hyejin\Documents\GitHub\KatanaZero_WINAPI_Project\DefaultWindow\230608\ObjFactory.h(32,12): warning C4244: '초기화 중': 'double'에서 'float'(으)로 변환하면서 데이터가 손실될 수 있습니다.
  Item.cpp
C:\Users\Hyejin\Documents\GitHub\KatanaZero_WINAPI_Project\DefaultWindow\230608\Obj.h(127,25): warning C4244: '=': 'float'에서 'LONG'(으)로 변환하면서 데이터가 손실될 수 있습니다.
C:\Users\Hyejin\Documents\GitHub\KatanaZero_WINAPI_Project\DefaultWindow\230608\Obj.h(128,24): warning C4244: '=': 'float'에서 'LONG'(으)로 변환하면서 데이터가 손실될 수 있습니다.
C:\Users\Hyejin\Documents\GitHub\KatanaZero_WINAPI_Project\DefaultWindow\230608\Obj.h(129,26): warning C4244: '=': 'float'에서 'LONG'(으)로 변환하면서 데이터가 손실될 수 있습니다.
C:\Users\Hyejin\Documents\GitHub\KatanaZero_WINAPI_Project\DefaultWindow\230608\Obj.h(130,27): warning C4244: '=': 'float'에서 'LONG'(으)로 변환하면서 데이터가 손실될 수 있습니다.
C:\Users\Hyejin\Documents\GitHub\KatanaZero_WINAPI_Project\DefaultWindow\230608\Obj.h(152,27): warning C4244: '=': 'float'에서 'LONG'(으)로 변환하면서 데이터가 손실될 수 있습니다.
C:\Users\Hyejin\Documents\GitHub\KatanaZero_WINAPI_Project\DefaultWindow\230608\Obj.h(153,26): warning C4244: '=': 'float'에서 'LONG'(으)로 변환하면서 데이터가 손실될 수 있습니다.
C:\Users\Hyejin\Documents\GitHub\KatanaZero_WINAPI_Project\DefaultWindow\230608\Obj.h(154,28): warning C4244: '=': 'float'에서 'LONG'(으)로 변환하면서 데이터가 손실될 수 있습니다.
C:\Users\Hyejin\Documents\GitHub\KatanaZero_WINAPI_Project\DefaultWindow\230608\Obj.h(155,29): warning C4244: '=': 'float'에서 'LONG'(으)로 변환하면서 데이터가 손실될 수 있습니다.
  KeyMgr.cpp
  Laser.cpp
C:\Users\Hyejin\Documents\GitHub\KatanaZero_WINAPI_Project\DefaultWindow\230608\Obj.h(127,25): warning C4244: '=': 'float'에서 'LONG'(으)로 변환하면서 데이터가 손실될 수 있습니다.
C:\Users\Hyejin\Documents\GitHub\KatanaZero_WINAPI_Project\DefaultWindow\230608\Obj.h(128,24): warning C4244: '=': 'float'에서 'LONG'(으)로 변환하면서 데이터가 손실될 수 있습니다.
C:\Users\Hyejin\Documents\GitHub\KatanaZero_WINAPI_Project\DefaultWindow\230608\Obj.h(129,26): warning C4244: '=': 'float'에서 'LONG'(으)로 변환하면서 데이터가 손실될 수 있습니다.
C:\Users\Hyejin\Documents\GitHub\KatanaZero_WINAPI_Project\DefaultWindow\230608\Obj.h(130,27): warning C4244: '=': 'float'에서 'LONG'(으)로 변환하면서 데이터가 손실될 수 있습니다.
C:\Users\Hyejin\Documents\GitHub\KatanaZero_WINAPI_Project\DefaultWindow\230608\Obj.h(152,27): warning C4244: '=': 'float'에서 'LONG'(으)로 변환하면서 데이터가 손실될 수 있습니다.
C:\Users\Hyejin\Documents\GitHub\KatanaZero_WINAPI_Project\DefaultWindow\230608\Obj.h(153,26): warning C4244: '=': 'float'에서 'LONG'(으)로 변환하면서 데이터가 손실될 수 있습니다.
C:\Users\Hyejin\Documents\GitHub\KatanaZero_WINAPI_Project\DefaultWindow\230608\Obj.h(154,28): warning C4244: '=': 'float'에서 'LONG'(으)로 변환하면서 데이터가 손실될 수 있습니다.
C:\Users\Hyejin\Documents\GitHub\KatanaZero_WINAPI_Project\DefaultWindow\230608\Obj.h(155,29): warning C4244: '=': 'float'에서 'LONG'(으)로 변환하면서 데이터가 손실될 수 있습니다.
C:\Users\Hyejin\Documents\GitHub\KatanaZero_WINAPI_Project\DefaultWindow\230608\SceneManager.h(97,52): warning C4244: '=': 'ULONGLONG'에서 'DWORD'(으)로 변환하면서 데이터가 손실될 수 있습니다.
C:\Users\Hyejin\Documents\GitHub\KatanaZero_WINAPI_Project\DefaultWindow\230608\Laser.cpp(36,26): warning C4838: 'float'에서 'LONG'(으)로의 변환에는 축소 변환이 필요합니다.
C:\Users\Hyejin\Documents\GitHub\KatanaZero_WINAPI_Project\DefaultWindow\230608\Laser.cpp(36,26): warning C4244: '초기화 중': 'float'에서 'LONG'(으)로 변환하면서 데이터가 손실될 수 있습니다.
C:\Users\Hyejin\Documents\GitHub\KatanaZero_WINAPI_Project\DefaultWindow\230608\Laser.cpp(36,42): warning C4838: 'float'에서 'LONG'(으)로의 변환에는 축소 변환이 필요합니다.
C:\Users\Hyejin\Documents\GitHub\KatanaZero_WINAPI_Project\DefaultWindow\230608\Laser.cpp(36,42): warning C4244: '초기화 중': 'float'에서 'LONG'(으)로 변환하면서 데이터가 손실될 수 있습니다.
C:\Users\Hyejin\Documents\GitHub\KatanaZero_WINAPI_Project\DefaultWindow\230608\Laser.cpp(36,58): warning C4838: 'float'에서 'LONG'(으)로의 변환에는 축소 변환이 필요합니다.
C:\Users\Hyejin\Documents\GitHub\KatanaZero_WINAPI_Project\DefaultWindow\230608\Laser.cpp(36,58): warning C4244: '초기화 중': 'float'에서 'LONG'(으)로 변환하면서 데이터가 손실될 수 있습니다.
C:\Users\Hyejin\Documents\GitHub\KatanaZero_WINAPI_Project\DefaultWindow\230608\Laser.cpp(36,74): warning C4838: 'float'에서 'LONG'(으)로의 변환에는 축소 변환이 필요합니다.
C:\Users\Hyejin\Documents\GitHub\KatanaZero_WINAPI_Project\DefaultWindow\230608\Laser.cpp(36,74): warning C4244: '초기화 중': 'float'에서 'LONG'(으)로 변환하면서 데이터가 손실될 수 있습니다.
C:\Users\Hyejin\Documents\GitHub\KatanaZero_WINAPI_Project\DefaultWindow\230608\Laser.cpp(104,35): warning C4244: '=': 'ULONGLONG'에서 'DWORD'(으)로 변환하면서 데이터가 손실될 수 있습니다.
C:\Users\Hyejin\Documents\GitHub\KatanaZero_WINAPI_Project\DefaultWindow\230608\Laser.cpp(115,35): warning C4244: '=': 'ULONGLONG'에서 'DWORD'(으)로 변환하면서 데이터가 손실될 수 있습니다.
C:\Users\Hyejin\Documents\GitHub\KatanaZero_WINAPI_Project\DefaultWindow\230608\Laser.cpp(125,35): warning C4244: '=': 'ULONGLONG'에서 'DWORD'(으)로 변환하면서 데이터가 손실될 수 있습니다.
C:\Users\Hyejin\Documents\GitHub\KatanaZero_WINAPI_Project\DefaultWindow\230608\Laser.cpp(135,35): warning C4244: '=': 'ULONGLONG'에서 'DWORD'(으)로 변환하면서 데이터가 손실될 수 있습니다.
C:\Users\Hyejin\Documents\GitHub\KatanaZero_WINAPI_Project\DefaultWindow\230608\Laser.cpp(166,46): warning C4244: '=': 'ULONGLONG'에서 'DWORD'(으)로 변환하면서 데이터가 손실될 수 있습니다.
C:\Users\Hyejin\Documents\GitHub\KatanaZero_WINAPI_Project\DefaultWindow\230608\Laser.cpp(197,47): warning C4244: '=': 'ULONGLONG'에서 'DWORD'(으)로 변환하면서 데이터가 손실될 수 있습니다.
C:\Users\Hyejin\Documents\GitHub\KatanaZero_WINAPI_Project\DefaultWindow\230608\Laser.cpp(253,40): warning C4244: '=': 'float'에서 'LONG'(으)로 변환하면서 데이터가 손실될 수 있습니다.
C:\Users\Hyejin\Documents\GitHub\KatanaZero_WINAPI_Project\DefaultWindow\230608\Laser.cpp(254,39): warning C4244: '=': 'float'에서 'LONG'(으)로 변환하면서 데이터가 손실될 수 있습니다.
C:\Users\Hyejin\Documents\GitHub\KatanaZero_WINAPI_Project\DefaultWindow\230608\Laser.cpp(255,41): warning C4244: '=': 'float'에서 'LONG'(으)로 변환하면서 데이터가 손실될 수 있습니다.
C:\Users\Hyejin\Documents\GitHub\KatanaZero_WINAPI_Project\DefaultWindow\230608\Laser.cpp(256,42): warning C4244: '=': 'float'에서 'LONG'(으)로 변환하면서 데이터가 손실될 수 있습니다.
  MementoMgr.cpp
C:\Users\Hyejin\Documents\GitHub\KatanaZero_WINAPI_Project\DefaultWindow\230608\Obj.h(127,25): warning C4244: '=': 'float'에서 'LONG'(으)로 변환하면서 데이터가 손실될 수 있습니다.
C:\Users\Hyejin\Documents\GitHub\KatanaZero_WINAPI_Project\DefaultWindow\230608\Obj.h(128,24): warning C4244: '=': 'float'에서 'LONG'(으)로 변환하면서 데이터가 손실될 수 있습니다.
C:\Users\Hyejin\Documents\GitHub\KatanaZero_WINAPI_Project\DefaultWindow\230608\Obj.h(129,26): warning C4244: '=': 'float'에서 'LONG'(으)로 변환하면서 데이터가 손실될 수 있습니다.
C:\Users\Hyejin\Documents\GitHub\KatanaZero_WINAPI_Project\DefaultWindow\230608\Obj.h(130,27): warning C4244: '=': 'float'에서 'LONG'(으)로 변환하면서 데이터가 손실될 수 있습니다.
C:\Users\Hyejin\Documents\GitHub\KatanaZero_WINAPI_Project\DefaultWindow\230608\Obj.h(152,27): warning C4244: '=': 'float'에서 'LONG'(으)로 변환하면서 데이터가 손실될 수 있습니다.
C:\Users\Hyejin\Documents\GitHub\KatanaZero_WINAPI_Project\DefaultWindow\230608\Obj.h(153,26): warning C4244: '=': 'float'에서 'LONG'(으)로 변환하면서 데이터가 손실될 수 있습니다.
C:\Users\Hyejin\Documents\GitHub\KatanaZero_WINAPI_Project\DefaultWindow\230608\Obj.h(154,28): warning C4244: '=': 'float'에서 'LONG'(으)로 변환하면서 데이터가 손실될 수 있습니다.
C:\Users\Hyejin\Documents\GitHub\KatanaZero_WINAPI_Project\DefaultWindow\230608\Obj.h(155,29): warning C4244: '=': 'float'에서 'LONG'(으)로 변환하면서 데이터가 손실될 수 있습니다.
C:\Users\Hyejin\Documents\GitHub\KatanaZero_WINAPI_Project\DefaultWindow\230608\SceneManager.h(97,52): warning C4244: '=': 'ULONGLONG'에서 'DWORD'(으)로 변환하면서 데이터가 손실될 수 있습니다.
  PlayerEffect.cpp
C:\Users\Hyejin\Documents\GitHub\KatanaZero_WINAPI_Project\DefaultWindow\230608\Obj.h(127,25): warning C4244: '=': 'float'에서 'LONG'(으)로 변환하면서 데이터가 손실될 수 있습니다.
C:\Users\Hyejin\Documents\GitHub\KatanaZero_WINAPI_Project\DefaultWindow\230608\Obj.h(128,24): warning C4244: '=': 'float'에서 'LONG'(으)로 변환하면서 데이터가 손실될 수 있습니다.
C:\Users\Hyejin\Documents\GitHub\KatanaZero_WINAPI_Project\DefaultWindow\230608\Obj.h(129,26): warning C4244: '=': 'float'에서 'LONG'(으)로 변환하면서 데이터가 손실될 수 있습니다.
C:\Users\Hyejin\Documents\GitHub\KatanaZero_WINAPI_Project\DefaultWindow\230608\Obj.h(130,27): warning C4244: '=': 'float'에서 'LONG'(으)로 변환하면서 데이터가 손실될 수 있습니다.
C:\Users\Hyejin\Documents\GitHub\KatanaZero_WINAPI_Project\DefaultWindow\230608\Obj.h(152,27): warning C4244: '=': 'float'에서 'LONG'(으)로 변환하면서 데이터가 손실될 수 있습니다.
C:\Users\Hyejin\Documents\GitHub\KatanaZero_WINAPI_Project\DefaultWindow\230608\Obj.h(153,26): warning C4244: '=': 'float'에서 'LONG'(으)로 변환하면서 데이터가 손실될 수 있습니다.
C:\Users\Hyejin\Documents\GitHub\KatanaZero_WINAPI_Project\DefaultWindow\230608\Obj.h(154,28): warning C4244: '=': 'float'에서 'LONG'(으)로 변환하면서 데이터가 손실될 수 있습니다.
C:\Users\Hyejin\Documents\GitHub\KatanaZero_WINAPI_Project\DefaultWindow\230608\Obj.h(155,29): warning C4244: '=': 'float'에서 'LONG'(으)로 변환하면서 데이터가 손실될 수 있습니다.
C:\Users\Hyejin\Documents\GitHub\KatanaZero_WINAPI_Project\DefaultWindow\230608\PlayerEffect.cpp(19,31): warning C4244: '=': 'ULONGLONG'에서 'DWORD'(으)로 변환하면서 데이터가 손실될 수 있습니다.
C:\Users\Hyejin\Documents\GitHub\KatanaZero_WINAPI_Project\DefaultWindow\230608\PlayerEffect.cpp(93,35): warning C4244: '=': 'ULONGLONG'에서 'DWORD'(으)로 변환하면서 데이터가 손실될 수 있습니다.
C:\Users\Hyejin\Documents\GitHub\KatanaZero_WINAPI_Project\DefaultWindow\230608\PlayerEffect.cpp(103,35): warning C4244: '=': 'ULONGLONG'에서 'DWORD'(으)로 변환하면서 데이터가 손실될 수 있습니다.
C:\Users\Hyejin\Documents\GitHub\KatanaZero_WINAPI_Project\DefaultWindow\230608\PlayerEffect.cpp(113,35): warning C4244: '=': 'ULONGLONG'에서 'DWORD'(으)로 변환하면서 데이터가 손실될 수 있습니다.
C:\Users\Hyejin\Documents\GitHub\KatanaZero_WINAPI_Project\DefaultWindow\230608\PlayerEffect.cpp(123,35): warning C4244: '=': 'ULONGLONG'에서 'DWORD'(으)로 변환하면서 데이터가 손실될 수 있습니다.
C:\Users\Hyejin\Documents\GitHub\KatanaZero_WINAPI_Project\DefaultWindow\230608\PlayerEffect.cpp(133,35): warning C4244: '=': 'ULONGLONG'에서 'DWORD'(으)로 변환하면서 데이터가 손실될 수 있습니다.
C:\Users\Hyejin\Documents\GitHub\KatanaZero_WINAPI_Project\DefaultWindow\230608\PlayerEffect.cpp(143,35): warning C4244: '=': 'ULONGLONG'에서 'DWORD'(으)로 변환하면서 데이터가 손실될 수 있습니다.
  PlayerShadow.cpp
C:\Users\Hyejin\Documents\GitHub\KatanaZero_WINAPI_Project\DefaultWindow\230608\Obj.h(127,25): warning C4244: '=': 'float'에서 'LONG'(으)로 변환하면서 데이터가 손실될 수 있습니다.
C:\Users\Hyejin\Documents\GitHub\KatanaZero_WINAPI_Project\DefaultWindow\230608\Obj.h(128,24): warning C4244: '=': 'float'에서 'LONG'(으)로 변환하면서 데이터가 손실될 수 있습니다.
C:\Users\Hyejin\Documents\GitHub\KatanaZero_WINAPI_Project\DefaultWindow\230608\Obj.h(129,26): warning C4244: '=': 'float'에서 'LONG'(으)로 변환하면서 데이터가 손실될 수 있습니다.
C:\Users\Hyejin\Documents\GitHub\KatanaZero_WINAPI_Project\DefaultWindow\230608\Obj.h(130,27): warning C4244: '=': 'float'에서 'LONG'(으)로 변환하면서 데이터가 손실될 수 있습니다.
C:\Users\Hyejin\Documents\GitHub\KatanaZero_WINAPI_Project\DefaultWindow\230608\Obj.h(152,27): warning C4244: '=': 'float'에서 'LONG'(으)로 변환하면서 데이터가 손실될 수 있습니다.
C:\Users\Hyejin\Documents\GitHub\KatanaZero_WINAPI_Project\DefaultWindow\230608\Obj.h(153,26): warning C4244: '=': 'float'에서 'LONG'(으)로 변환하면서 데이터가 손실될 수 있습니다.
C:\Users\Hyejin\Documents\GitHub\KatanaZero_WINAPI_Project\DefaultWindow\230608\Obj.h(154,28): warning C4244: '=': 'float'에서 'LONG'(으)로 변환하면서 데이터가 손실될 수 있습니다.
C:\Users\Hyejin\Documents\GitHub\KatanaZero_WINAPI_Project\DefaultWindow\230608\Obj.h(155,29): warning C4244: '=': 'float'에서 'LONG'(으)로 변환하면서 데이터가 손실될 수 있습니다.
C:\Users\Hyejin\Documents\GitHub\KatanaZero_WINAPI_Project\DefaultWindow\230608\PlayerShadow.cpp(19,31): warning C4244: '=': 'ULONGLONG'에서 'DWORD'(으)로 변환하면서 데이터가 손실될 수 있습니다.
C:\Users\Hyejin\Documents\GitHub\KatanaZero_WINAPI_Project\DefaultWindow\230608\PlayerShadow.cpp(79,35): warning C4244: '=': 'ULONGLONG'에서 'DWORD'(으)로 변환하면서 데이터가 손실될 수 있습니다.
C:\Users\Hyejin\Documents\GitHub\KatanaZero_WINAPI_Project\DefaultWindow\230608\PlayerShadow.cpp(89,35): warning C4244: '=': 'ULONGLONG'에서 'DWORD'(으)로 변환하면서 데이터가 손실될 수 있습니다.
C:\Users\Hyejin\Documents\GitHub\KatanaZero_WINAPI_Project\DefaultWindow\230608\PlayerShadow.cpp(99,35): warning C4244: '=': 'ULONGLONG'에서 'DWORD'(으)로 변환하면서 데이터가 손실될 수 있습니다.
C:\Users\Hyejin\Documents\GitHub\KatanaZero_WINAPI_Project\DefaultWindow\230608\PlayerShadow.cpp(109,35): warning C4244: '=': 'ULONGLONG'에서 'DWORD'(으)로 변환하면서 데이터가 손실될 수 있습니다.
C:\Users\Hyejin\Documents\GitHub\KatanaZero_WINAPI_Project\DefaultWindow\230608\PlayerShadow.cpp(119,35): warning C4244: '=': 'ULONGLONG'에서 'DWORD'(으)로 변환하면서 데이터가 손실될 수 있습니다.
  Scene.cpp
C:\Users\Hyejin\Documents\GitHub\KatanaZero_WINAPI_Project\DefaultWindow\230608\SceneManager.h(97,52): warning C4244: '=': 'ULONGLONG'에서 'DWORD'(으)로 변환하면서 데이터가 손실될 수 있습니다.
  SceneManager.cpp
C:\Users\Hyejin\Documents\GitHub\KatanaZero_WINAPI_Project\DefaultWindow\230608\SceneManager.h(97,52): warning C4244: '=': 'ULONGLONG'에서 'DWORD'(으)로 변환하면서 데이터가 손실될 수 있습니다.
C:\Users\Hyejin\Documents\GitHub\KatanaZero_WINAPI_Project\DefaultWindow\230608\Obj.h(127,25): warning C4244: '=': 'float'에서 'LONG'(으)로 변환하면서 데이터가 손실될 수 있습니다.
C:\Users\Hyejin\Documents\GitHub\KatanaZero_WINAPI_Project\DefaultWindow\230608\Obj.h(128,24): warning C4244: '=': 'float'에서 'LONG'(으)로 변환하면서 데이터가 손실될 수 있습니다.
C:\Users\Hyejin\Documents\GitHub\KatanaZero_WINAPI_Project\DefaultWindow\230608\Obj.h(129,26): warning C4244: '=': 'float'에서 'LONG'(으)로 변환하면서 데이터가 손실될 수 있습니다.
C:\Users\Hyejin\Documents\GitHub\KatanaZero_WINAPI_Project\DefaultWindow\230608\Obj.h(130,27): warning C4244: '=': 'float'에서 'LONG'(으)로 변환하면서 데이터가 손실될 수 있습니다.
C:\Users\Hyejin\Documents\GitHub\KatanaZero_WINAPI_Project\DefaultWindow\230608\Obj.h(152,27): warning C4244: '=': 'float'에서 'LONG'(으)로 변환하면서 데이터가 손실될 수 있습니다.
C:\Users\Hyejin\Documents\GitHub\KatanaZero_WINAPI_Project\DefaultWindow\230608\Obj.h(153,26): warning C4244: '=': 'float'에서 'LONG'(으)로 변환하면서 데이터가 손실될 수 있습니다.
C:\Users\Hyejin\Documents\GitHub\KatanaZero_WINAPI_Project\DefaultWindow\230608\Obj.h(154,28): warning C4244: '=': 'float'에서 'LONG'(으)로 변환하면서 데이터가 손실될 수 있습니다.
C:\Users\Hyejin\Documents\GitHub\KatanaZero_WINAPI_Project\DefaultWindow\230608\Obj.h(155,29): warning C4244: '=': 'float'에서 'LONG'(으)로 변환하면서 데이터가 손실될 수 있습니다.
C:\Users\Hyejin\Documents\GitHub\KatanaZero_WINAPI_Project\DefaultWindow\230608\SceneManager.cpp(135,32): warning C4244: '=': 'ULONGLONG'에서 'DWORD'(으)로 변환하면서 데이터가 손실될 수 있습니다.
C:\Users\Hyejin\Documents\GitHub\KatanaZero_WINAPI_Project\DefaultWindow\230608\SceneManager.cpp(139,32): warning C4244: '=': 'ULONGLONG'에서 'DWORD'(으)로 변환하면서 데이터가 손실될 수 있습니다.
C:\Users\Hyejin\Documents\GitHub\KatanaZero_WINAPI_Project\DefaultWindow\230608\SceneManager.cpp(143,32): warning C4244: '=': 'ULONGLONG'에서 'DWORD'(으)로 변환하면서 데이터가 손실될 수 있습니다.
C:\Users\Hyejin\Documents\GitHub\KatanaZero_WINAPI_Project\DefaultWindow\230608\SceneManager.cpp(147,32): warning C4244: '=': 'ULONGLONG'에서 'DWORD'(으)로 변환하면서 데이터가 손실될 수 있습니다.
C:\Users\Hyejin\Documents\GitHub\KatanaZero_WINAPI_Project\DefaultWindow\230608\ObjFactory.h(31,12): warning C4244: '초기화 중': 'double'에서 'float'(으)로 변환하면서 데이터가 손실될 수 있습니다.
C:\Users\Hyejin\Documents\GitHub\KatanaZero_WINAPI_Project\DefaultWindow\230608\ObjFactory.h(28): message : 클래스 템플릿 멤버 함수 'CObj *CObjFactory<CWall>::CreateRECT(float,float,float,float)'을(를) 컴파일하는 중입니다.
C:\Users\Hyejin\Documents\GitHub\KatanaZero_WINAPI_Project\DefaultWindow\230608\SceneManager.cpp(278): message : 컴파일되는 함수 템플릿 인스턴스화 'CObj *CObjFactory<CWall>::CreateRECT(float,float,float,float)'에 대한 참조를 확인하세요.
C:\Users\Hyejin\Documents\GitHub\KatanaZero_WINAPI_Project\DefaultWindow\230608\SceneManager.cpp(278): message : 컴파일되는 클래스 템플릿 인스턴스화 'CObjFactory<CWall>'에 대한 참조를 확인하세요.
C:\Users\Hyejin\Documents\GitHub\KatanaZero_WINAPI_Project\DefaultWindow\230608\ObjFactory.h(32,12): warning C4244: '초기화 중': 'double'에서 'float'(으)로 변환하면서 데이터가 손실될 수 있습니다.
  Line.cpp
C:\Users\Hyejin\Documents\GitHub\KatanaZero_WINAPI_Project\DefaultWindow\230608\SceneManager.h(97,52): warning C4244: '=': 'ULONGLONG'에서 'DWORD'(으)로 변환하면서 데이터가 손실될 수 있습니다.
C:\Users\Hyejin\Documents\GitHub\KatanaZero_WINAPI_Project\DefaultWindow\230608\Line.cpp(29,66): warning C4244: '인수': 'float'에서 'int'(으)로 변환하면서 데이터가 손실될 수 있습니다.
C:\Users\Hyejin\Documents\GitHub\KatanaZero_WINAPI_Project\DefaultWindow\230608\Line.cpp(28,40): warning C4244: '인수': 'float'에서 'int'(으)로 변환하면서 데이터가 손실될 수 있습니다.
C:\Users\Hyejin\Documents\GitHub\KatanaZero_WINAPI_Project\DefaultWindow\230608\Line.cpp(31,64): warning C4244: '인수': 'float'에서 'int'(으)로 변환하면서 데이터가 손실될 수 있습니다.
C:\Users\Hyejin\Documents\GitHub\KatanaZero_WINAPI_Project\DefaultWindow\230608\Line.cpp(30,38): warning C4244: '인수': 'float'에서 'int'(으)로 변환하면서 데이터가 손실될 수 있습니다.
  LineMgr.cpp
  Player.cpp
C:\Users\Hyejin\Documents\GitHub\KatanaZero_WINAPI_Project\DefaultWindow\230608\Player.cpp(1,1): warning C4819: 현재 코드 페이지(949)에서 표시할 수 없는 문자가 파일에 들어 있습니다. 데이터가 손실되지 않게 하려면 해당 파일을 유니코드 형식으로 저장하십시오.
C:\Users\Hyejin\Documents\GitHub\KatanaZero_WINAPI_Project\DefaultWindow\230608\Obj.h(127,25): warning C4244: '=': 'float'에서 'LONG'(으)로 변환하면서 데이터가 손실될 수 있습니다.
C:\Users\Hyejin\Documents\GitHub\KatanaZero_WINAPI_Project\DefaultWindow\230608\Obj.h(128,24): warning C4244: '=': 'float'에서 'LONG'(으)로 변환하면서 데이터가 손실될 수 있습니다.
C:\Users\Hyejin\Documents\GitHub\KatanaZero_WINAPI_Project\DefaultWindow\230608\Obj.h(129,26): warning C4244: '=': 'float'에서 'LONG'(으)로 변환하면서 데이터가 손실될 수 있습니다.
C:\Users\Hyejin\Documents\GitHub\KatanaZero_WINAPI_Project\DefaultWindow\230608\Obj.h(130,27): warning C4244: '=': 'float'에서 'LONG'(으)로 변환하면서 데이터가 손실될 수 있습니다.
C:\Users\Hyejin\Documents\GitHub\KatanaZero_WINAPI_Project\DefaultWindow\230608\Obj.h(152,27): warning C4244: '=': 'float'에서 'LONG'(으)로 변환하면서 데이터가 손실될 수 있습니다.
C:\Users\Hyejin\Documents\GitHub\KatanaZero_WINAPI_Project\DefaultWindow\230608\Obj.h(153,26): warning C4244: '=': 'float'에서 'LONG'(으)로 변환하면서 데이터가 손실될 수 있습니다.
C:\Users\Hyejin\Documents\GitHub\KatanaZero_WINAPI_Project\DefaultWindow\230608\Obj.h(154,28): warning C4244: '=': 'float'에서 'LONG'(으)로 변환하면서 데이터가 손실될 수 있습니다.
C:\Users\Hyejin\Documents\GitHub\KatanaZero_WINAPI_Project\DefaultWindow\230608\Obj.h(155,29): warning C4244: '=': 'float'에서 'LONG'(으)로 변환하면서 데이터가 손실될 수 있습니다.
C:\Users\Hyejin\Documents\GitHub\KatanaZero_WINAPI_Project\DefaultWindow\230608\SceneManager.h(97,52): warning C4244: '=': 'ULONGLONG'에서 'DWORD'(으)로 변환하면서 데이터가 손실될 수 있습니다.
C:\Users\Hyejin\Documents\GitHub\KatanaZero_WINAPI_Project\DefaultWindow\230608\Player.cpp(145,33): warning C4244: '=': 'float'에서 'LONG'(으)로 변환하면서 데이터가 손실될 수 있습니다.
C:\Users\Hyejin\Documents\GitHub\KatanaZero_WINAPI_Project\DefaultWindow\230608\Player.cpp(146,33): warning C4244: '=': 'float'에서 'LONG'(으)로 변환하면서 데이터가 손실될 수 있습니다.
C:\Users\Hyejin\Documents\GitHub\KatanaZero_WINAPI_Project\DefaultWindow\230608\Player.cpp(185,35): warning C4244: '=': 'ULONGLONG'에서 'DWORD'(으)로 변환하면서 데이터가 손실될 수 있습니다.
C:\Users\Hyejin\Documents\GitHub\KatanaZero_WINAPI_Project\DefaultWindow\230608\Player.cpp(196,35): warning C4244: '=': 'ULONGLONG'에서 'DWORD'(으)로 변환하면서 데이터가 손실될 수 있습니다.
C:\Users\Hyejin\Documents\GitHub\KatanaZero_WINAPI_Project\DefaultWindow\230608\Player.cpp(207,35): warning C4244: '=': 'ULONGLONG'에서 'DWORD'(으)로 변환하면서 데이터가 손실될 수 있습니다.
C:\Users\Hyejin\Documents\GitHub\KatanaZero_WINAPI_Project\DefaultWindow\230608\Player.cpp(219,35): warning C4244: '=': 'ULONGLONG'에서 'DWORD'(으)로 변환하면서 데이터가 손실될 수 있습니다.
C:\Users\Hyejin\Documents\GitHub\KatanaZero_WINAPI_Project\DefaultWindow\230608\Player.cpp(230,35): warning C4244: '=': 'ULONGLONG'에서 'DWORD'(으)로 변환하면서 데이터가 손실될 수 있습니다.
C:\Users\Hyejin\Documents\GitHub\KatanaZero_WINAPI_Project\DefaultWindow\230608\Player.cpp(242,35): warning C4244: '=': 'ULONGLONG'에서 'DWORD'(으)로 변환하면서 데이터가 손실될 수 있습니다.
C:\Users\Hyejin\Documents\GitHub\KatanaZero_WINAPI_Project\DefaultWindow\230608\Player.cpp(253,35): warning C4244: '=': 'ULONGLONG'에서 'DWORD'(으)로 변환하면서 데이터가 손실될 수 있습니다.
C:\Users\Hyejin\Documents\GitHub\KatanaZero_WINAPI_Project\DefaultWindow\230608\Player.cpp(266,35): warning C4244: '=': 'ULONGLONG'에서 'DWORD'(으)로 변환하면서 데이터가 손실될 수 있습니다.
C:\Users\Hyejin\Documents\GitHub\KatanaZero_WINAPI_Project\DefaultWindow\230608\Player.cpp(278,35): warning C4244: '=': 'ULONGLONG'에서 'DWORD'(으)로 변환하면서 데이터가 손실될 수 있습니다.
C:\Users\Hyejin\Documents\GitHub\KatanaZero_WINAPI_Project\DefaultWindow\230608\Player.cpp(289,35): warning C4244: '=': 'ULONGLONG'에서 'DWORD'(으)로 변환하면서 데이터가 손실될 수 있습니다.
C:\Users\Hyejin\Documents\GitHub\KatanaZero_WINAPI_Project\DefaultWindow\230608\Player.cpp(301,35): warning C4244: '=': 'ULONGLONG'에서 'DWORD'(으)로 변환하면서 데이터가 손실될 수 있습니다.
C:\Users\Hyejin\Documents\GitHub\KatanaZero_WINAPI_Project\DefaultWindow\230608\Player.cpp(313,35): warning C4244: '=': 'ULONGLONG'에서 'DWORD'(으)로 변환하면서 데이터가 손실될 수 있습니다.
C:\Users\Hyejin\Documents\GitHub\KatanaZero_WINAPI_Project\DefaultWindow\230608\Player.cpp(325,35): warning C4244: '=': 'ULONGLONG'에서 'DWORD'(으)로 변환하면서 데이터가 손실될 수 있습니다.
C:\Users\Hyejin\Documents\GitHub\KatanaZero_WINAPI_Project\DefaultWindow\230608\Player.cpp(337,35): warning C4244: '=': 'ULONGLONG'에서 'DWORD'(으)로 변환하면서 데이터가 손실될 수 있습니다.
C:\Users\Hyejin\Documents\GitHub\KatanaZero_WINAPI_Project\DefaultWindow\230608\Player.cpp(477,37): warning C4244: '=': 'ULONGLONG'에서 'DWORD'(으)로 변환하면서 데이터가 손실될 수 있습니다.
C:\Users\Hyejin\Documents\GitHub\KatanaZero_WINAPI_Project\DefaultWindow\230608\Player.cpp(534,46): warning C4244: '=': 'ULONGLONG'에서 'DWORD'(으)로 변환하면서 데이터가 손실될 수 있습니다.
C:\Users\Hyejin\Documents\GitHub\KatanaZero_WINAPI_Project\DefaultWindow\230608\Player.cpp(571,36): warning C4244: '=': 'ULONGLONG'에서 'DWORD'(으)로 변환하면서 데이터가 손실될 수 있습니다.
C:\Users\Hyejin\Documents\GitHub\KatanaZero_WINAPI_Project\DefaultWindow\230608\Player.cpp(679,39): warning C4244: '=': 'ULONGLONG'에서 'DWORD'(으)로 변환하면서 데이터가 손실될 수 있습니다.
C:\Users\Hyejin\Documents\GitHub\KatanaZero_WINAPI_Project\DefaultWindow\230608\Player.cpp(697,36): warning C4244: '=': 'ULONGLONG'에서 'DWORD'(으)로 변환하면서 데이터가 손실될 수 있습니다.
C:\Users\Hyejin\Documents\GitHub\KatanaZero_WINAPI_Project\DefaultWindow\230608\Player.cpp(751,39): warning C4244: '=': 'ULONGLONG'에서 'DWORD'(으)로 변환하면서 데이터가 손실될 수 있습니다.
C:\Users\Hyejin\Documents\GitHub\KatanaZero_WINAPI_Project\DefaultWindow\230608\Player.cpp(802,36): warning C4244: '=': 'ULONGLONG'에서 'DWORD'(으)로 변환하면서 데이터가 손실될 수 있습니다.
C:\Users\Hyejin\Documents\GitHub\KatanaZero_WINAPI_Project\DefaultWindow\230608\Player.cpp(904,36): warning C4244: '=': 'ULONGLONG'에서 'DWORD'(으)로 변환하면서 데이터가 손실될 수 있습니다.
C:\Users\Hyejin\Documents\GitHub\KatanaZero_WINAPI_Project\DefaultWindow\230608\Player.cpp(977,48): warning C4244: '=': 'ULONGLONG'에서 'DWORD'(으)로 변환하면서 데이터가 손실될 수 있습니다.
C:\Users\Hyejin\Documents\GitHub\KatanaZero_WINAPI_Project\DefaultWindow\230608\Player.cpp(1082,36): warning C4244: '=': 'ULONGLONG'에서 'DWORD'(으)로 변환하면서 데이터가 손실될 수 있습니다.
C:\Users\Hyejin\Documents\GitHub\KatanaZero_WINAPI_Project\DefaultWindow\230608\Player.cpp(1108,39): warning C4244: '=': 'ULONGLONG'에서 'DWORD'(으)로 변환하면서 데이터가 손실될 수 있습니다.
C:\Users\Hyejin\Documents\GitHub\KatanaZero_WINAPI_Project\DefaultWindow\230608\Player.cpp(1199,1): warning C4819: 현재 코드 페이지(949)에서 표시할 수 없는 문자가 파일에 들어 있습니다. 데이터가 손실되지 않게 하려면 해당 파일을 유니코드 형식으로 저장하십시오.
C:\Users\Hyejin\Documents\GitHub\KatanaZero_WINAPI_Project\DefaultWindow\230608\Player.cpp(1245,36): warning C4244: '=': 'ULONGLONG'에서 'DWORD'(으)로 변환하면서 데이터가 손실될 수 있습니다.
C:\Users\Hyejin\Documents\GitHub\KatanaZero_WINAPI_Project\DefaultWindow\230608\Player.cpp(1268,39): warning C4244: '=': 'ULONGLONG'에서 'DWORD'(으)로 변환하면서 데이터가 손실될 수 있습니다.
C:\Users\Hyejin\Documents\GitHub\KatanaZero_WINAPI_Project\DefaultWindow\230608\Player.cpp(1361,39): warning C4244: '=': 'ULONGLONG'에서 'DWORD'(으)로 변환하면서 데이터가 손실될 수 있습니다.
C:\Users\Hyejin\Documents\GitHub\KatanaZero_WINAPI_Project\DefaultWindow\230608\Player.cpp(1373,36): warning C4244: '=': 'ULONGLONG'에서 'DWORD'(으)로 변환하면서 데이터가 손실될 수 있습니다.
C:\Users\Hyejin\Documents\GitHub\KatanaZero_WINAPI_Project\DefaultWindow\230608\Player.cpp(1451,39): warning C4244: '=': 'ULONGLONG'에서 'DWORD'(으)로 변환하면서 데이터가 손실될 수 있습니다.
C:\Users\Hyejin\Documents\GitHub\KatanaZero_WINAPI_Project\DefaultWindow\230608\Player.cpp(1519,39): warning C4244: '=': 'ULONGLONG'에서 'DWORD'(으)로 변환하면서 데이터가 손실될 수 있습니다.
C:\Users\Hyejin\Documents\GitHub\KatanaZero_WINAPI_Project\DefaultWindow\230608\Player.cpp(1601,39): warning C4244: '=': 'ULONGLONG'에서 'DWORD'(으)로 변환하면서 데이터가 손실될 수 있습니다.
C:\Users\Hyejin\Documents\GitHub\KatanaZero_WINAPI_Project\DefaultWindow\230608\Player.cpp(1609,36): warning C4244: '=': 'ULONGLONG'에서 'DWORD'(으)로 변환하면서 데이터가 손실될 수 있습니다.
C:\Users\Hyejin\Documents\GitHub\KatanaZero_WINAPI_Project\DefaultWindow\230608\Player.cpp(1750,32): warning C4244: '=': 'float'에서 'LONG'(으)로 변환하면서 데이터가 손실될 수 있습니다.
C:\Users\Hyejin\Documents\GitHub\KatanaZero_WINAPI_Project\DefaultWindow\230608\Player.cpp(1751,32): warning C4244: '=': 'float'에서 'LONG'(으)로 변환하면서 데이터가 손실될 수 있습니다.
C:\Users\Hyejin\Documents\GitHub\KatanaZero_WINAPI_Project\DefaultWindow\230608\Player.cpp(1753,26): warning C4244: '=': 'double'에서 'float'(으)로 변환하면서 데이터가 손실될 수 있습니다.
C:\Users\Hyejin\Documents\GitHub\KatanaZero_WINAPI_Project\DefaultWindow\230608\Player.cpp(1817,34): warning C4244: '=': 'ULONGLONG'에서 'DWORD'(으)로 변환하면서 데이터가 손실될 수 있습니다.
C:\Users\Hyejin\Documents\GitHub\KatanaZero_WINAPI_Project\DefaultWindow\230608\Player.cpp(1825,34): warning C4244: '=': 'ULONGLONG'에서 'DWORD'(으)로 변환하면서 데이터가 손실될 수 있습니다.
C:\Users\Hyejin\Documents\GitHub\KatanaZero_WINAPI_Project\DefaultWindow\230608\Player.cpp(1832,35): warning C4244: '=': 'ULONGLONG'에서 'DWORD'(으)로 변환하면서 데이터가 손실될 수 있습니다.
  ArmEnemy.cpp
C:\Users\Hyejin\Documents\GitHub\KatanaZero_WINAPI_Project\DefaultWindow\230608\Obj.h(127,25): warning C4244: '=': 'float'에서 'LONG'(으)로 변환하면서 데이터가 손실될 수 있습니다.
C:\Users\Hyejin\Documents\GitHub\KatanaZero_WINAPI_Project\DefaultWindow\230608\Obj.h(128,24): warning C4244: '=': 'float'에서 'LONG'(으)로 변환하면서 데이터가 손실될 수 있습니다.
C:\Users\Hyejin\Documents\GitHub\KatanaZero_WINAPI_Project\DefaultWindow\230608\Obj.h(129,26): warning C4244: '=': 'float'에서 'LONG'(으)로 변환하면서 데이터가 손실될 수 있습니다.
C:\Users\Hyejin\Documents\GitHub\KatanaZero_WINAPI_Project\DefaultWindow\230608\Obj.h(130,27): warning C4244: '=': 'float'에서 'LONG'(으)로 변환하면서 데이터가 손실될 수 있습니다.
C:\Users\Hyejin\Documents\GitHub\KatanaZero_WINAPI_Project\DefaultWindow\230608\Obj.h(152,27): warning C4244: '=': 'float'에서 'LONG'(으)로 변환하면서 데이터가 손실될 수 있습니다.
C:\Users\Hyejin\Documents\GitHub\KatanaZero_WINAPI_Project\DefaultWindow\230608\Obj.h(153,26): warning C4244: '=': 'float'에서 'LONG'(으)로 변환하면서 데이터가 손실될 수 있습니다.
C:\Users\Hyejin\Documents\GitHub\KatanaZero_WINAPI_Project\DefaultWindow\230608\Obj.h(154,28): warning C4244: '=': 'float'에서 'LONG'(으)로 변환하면서 데이터가 손실될 수 있습니다.
C:\Users\Hyejin\Documents\GitHub\KatanaZero_WINAPI_Project\DefaultWindow\230608\Obj.h(155,29): warning C4244: '=': 'float'에서 'LONG'(으)로 변환하면서 데이터가 손실될 수 있습니다.
C:\Users\Hyejin\Documents\GitHub\KatanaZero_WINAPI_Project\DefaultWindow\230608\SceneManager.h(97,52): warning C4244: '=': 'ULONGLONG'에서 'DWORD'(으)로 변환하면서 데이터가 손실될 수 있습니다.
C:\Users\Hyejin\Documents\GitHub\KatanaZero_WINAPI_Project\DefaultWindow\230608\ArmEnemy.cpp(35,29): warning C4244: '=': 'ULONGLONG'에서 'DWORD'(으)로 변환하면서 데이터가 손실될 수 있습니다.
C:\Users\Hyejin\Documents\GitHub\KatanaZero_WINAPI_Project\DefaultWindow\230608\ArmEnemy.cpp(100,35): warning C4244: '=': 'ULONGLONG'에서 'DWORD'(으)로 변환하면서 데이터가 손실될 수 있습니다.
C:\Users\Hyejin\Documents\GitHub\KatanaZero_WINAPI_Project\DefaultWindow\230608\ArmEnemy.cpp(110,35): warning C4244: '=': 'ULONGLONG'에서 'DWORD'(으)로 변환하면서 데이터가 손실될 수 있습니다.
C:\Users\Hyejin\Documents\GitHub\KatanaZero_WINAPI_Project\DefaultWindow\230608\ArmEnemy.cpp(120,35): warning C4244: '=': 'ULONGLONG'에서 'DWORD'(으)로 변환하면서 데이터가 손실될 수 있습니다.
C:\Users\Hyejin\Documents\GitHub\KatanaZero_WINAPI_Project\DefaultWindow\230608\ArmEnemy.cpp(130,35): warning C4244: '=': 'ULONGLONG'에서 'DWORD'(으)로 변환하면서 데이터가 손실될 수 있습니다.
C:\Users\Hyejin\Documents\GitHub\KatanaZero_WINAPI_Project\DefaultWindow\230608\ArmEnemy.cpp(140,35): warning C4244: '=': 'ULONGLONG'에서 'DWORD'(으)로 변환하면서 데이터가 손실될 수 있습니다.
C:\Users\Hyejin\Documents\GitHub\KatanaZero_WINAPI_Project\DefaultWindow\230608\ArmEnemy.cpp(150,35): warning C4244: '=': 'ULONGLONG'에서 'DWORD'(으)로 변환하면서 데이터가 손실될 수 있습니다.
C:\Users\Hyejin\Documents\GitHub\KatanaZero_WINAPI_Project\DefaultWindow\230608\ArmEnemy.cpp(266,46): warning C4244: '=': 'ULONGLONG'에서 'DWORD'(으)로 변환하면서 데이터가 손실될 수 있습니다.
C:\Users\Hyejin\Documents\GitHub\KatanaZero_WINAPI_Project\DefaultWindow\230608\ArmEnemy.cpp(301,33): warning C4244: '=': 'ULONGLONG'에서 'DWORD'(으)로 변환하면서 데이터가 손실될 수 있습니다.
C:\Users\Hyejin\Documents\GitHub\KatanaZero_WINAPI_Project\DefaultWindow\230608\ArmEnemy.cpp(337,32): warning C4244: '=': 'ULONGLONG'에서 'DWORD'(으)로 변환하면서 데이터가 손실될 수 있습니다.
C:\Users\Hyejin\Documents\GitHub\KatanaZero_WINAPI_Project\DefaultWindow\230608\ArmEnemy.cpp(482,31): warning C4244: '=': 'ULONGLONG'에서 'DWORD'(으)로 변환하면서 데이터가 손실될 수 있습니다.
C:\Users\Hyejin\Documents\GitHub\KatanaZero_WINAPI_Project\DefaultWindow\230608\ArmEnemy.cpp(524,37): warning C4244: '=': 'ULONGLONG'에서 'DWORD'(으)로 변환하면서 데이터가 손실될 수 있습니다.
C:\Users\Hyejin\Documents\GitHub\KatanaZero_WINAPI_Project\DefaultWindow\230608\ArmEnemy.cpp(564,46): warning C4244: '=': 'float'에서 'LONG'(으)로 변환하면서 데이터가 손실될 수 있습니다.
C:\Users\Hyejin\Documents\GitHub\KatanaZero_WINAPI_Project\DefaultWindow\230608\ArmEnemy.cpp(565,44): warning C4244: '=': 'float'에서 'LONG'(으)로 변환하면서 데이터가 손실될 수 있습니다.
C:\Users\Hyejin\Documents\GitHub\KatanaZero_WINAPI_Project\DefaultWindow\230608\ArmEnemy.cpp(567,42): warning C4244: '=': 'float'에서 'LONG'(으)로 변환하면서 데이터가 손실될 수 있습니다.
  Obj.cpp
C:\Users\Hyejin\Documents\GitHub\KatanaZero_WINAPI_Project\DefaultWindow\230608\Obj.h(127,25): warning C4244: '=': 'float'에서 'LONG'(으)로 변환하면서 데이터가 손실될 수 있습니다.
C:\Users\Hyejin\Documents\GitHub\KatanaZero_WINAPI_Project\DefaultWindow\230608\Obj.h(128,24): warning C4244: '=': 'float'에서 'LONG'(으)로 변환하면서 데이터가 손실될 수 있습니다.
C:\Users\Hyejin\Documents\GitHub\KatanaZero_WINAPI_Project\DefaultWindow\230608\Obj.h(129,26): warning C4244: '=': 'float'에서 'LONG'(으)로 변환하면서 데이터가 손실될 수 있습니다.
C:\Users\Hyejin\Documents\GitHub\KatanaZero_WINAPI_Project\DefaultWindow\230608\Obj.h(130,27): warning C4244: '=': 'float'에서 'LONG'(으)로 변환하면서 데이터가 손실될 수 있습니다.
C:\Users\Hyejin\Documents\GitHub\KatanaZero_WINAPI_Project\DefaultWindow\230608\Obj.h(152,27): warning C4244: '=': 'float'에서 'LONG'(으)로 변환하면서 데이터가 손실될 수 있습니다.
C:\Users\Hyejin\Documents\GitHub\KatanaZero_WINAPI_Project\DefaultWindow\230608\Obj.h(153,26): warning C4244: '=': 'float'에서 'LONG'(으)로 변환하면서 데이터가 손실될 수 있습니다.
C:\Users\Hyejin\Documents\GitHub\KatanaZero_WINAPI_Project\DefaultWindow\230608\Obj.h(154,28): warning C4244: '=': 'float'에서 'LONG'(으)로 변환하면서 데이터가 손실될 수 있습니다.
C:\Users\Hyejin\Documents\GitHub\KatanaZero_WINAPI_Project\DefaultWindow\230608\Obj.h(155,29): warning C4244: '=': 'float'에서 'LONG'(으)로 변환하면서 데이터가 손실될 수 있습니다.
C:\Users\Hyejin\Documents\GitHub\KatanaZero_WINAPI_Project\DefaultWindow\230608\SceneManager.h(97,52): warning C4244: '=': 'ULONGLONG'에서 'DWORD'(으)로 변환하면서 데이터가 손실될 수 있습니다.
C:\Users\Hyejin\Documents\GitHub\KatanaZero_WINAPI_Project\DefaultWindow\230608\Obj.cpp(138,36): warning C4244: '=': 'float'에서 'LONG'(으)로 변환하면서 데이터가 손실될 수 있습니다.
C:\Users\Hyejin\Documents\GitHub\KatanaZero_WINAPI_Project\DefaultWindow\230608\Obj.cpp(139,36): warning C4244: '=': 'float'에서 'LONG'(으)로 변환하면서 데이터가 손실될 수 있습니다.
C:\Users\Hyejin\Documents\GitHub\KatanaZero_WINAPI_Project\DefaultWindow\230608\Obj.cpp(140,37): warning C4244: '=': 'float'에서 'LONG'(으)로 변환하면서 데이터가 손실될 수 있습니다.
C:\Users\Hyejin\Documents\GitHub\KatanaZero_WINAPI_Project\DefaultWindow\230608\Obj.cpp(141,37): warning C4244: '=': 'float'에서 'LONG'(으)로 변환하면서 데이터가 손실될 수 있습니다.
C:\Users\Hyejin\Documents\GitHub\KatanaZero_WINAPI_Project\DefaultWindow\230608\Obj.cpp(145,32): warning C4244: '=': 'float'에서 'LONG'(으)로 변환하면서 데이터가 손실될 수 있습니다.
C:\Users\Hyejin\Documents\GitHub\KatanaZero_WINAPI_Project\DefaultWindow\230608\Obj.cpp(146,42): warning C4244: '=': 'float'에서 'LONG'(으)로 변환하면서 데이터가 손실될 수 있습니다.
C:\Users\Hyejin\Documents\GitHub\KatanaZero_WINAPI_Project\DefaultWindow\230608\Obj.cpp(150,33): warning C4244: '=': 'float'에서 'LONG'(으)로 변환하면서 데이터가 손실될 수 있습니다.
C:\Users\Hyejin\Documents\GitHub\KatanaZero_WINAPI_Project\DefaultWindow\230608\Obj.cpp(151,40): warning C4244: '=': 'float'에서 'LONG'(으)로 변환하면서 데이터가 손실될 수 있습니다.
C:\Users\Hyejin\Documents\GitHub\KatanaZero_WINAPI_Project\DefaultWindow\230608\Obj.cpp(170,18): warning C4244: '인수': 'float'에서 'int'(으)로 변환하면서 데이터가 손실될 수 있습니다.
C:\Users\Hyejin\Documents\GitHub\KatanaZero_WINAPI_Project\DefaultWindow\230608\Obj.cpp(169,17): warning C4244: '인수': 'float'에서 'int'(으)로 변환하면서 데이터가 손실될 수 있습니다.
C:\Users\Hyejin\Documents\GitHub\KatanaZero_WINAPI_Project\DefaultWindow\230608\Obj.cpp(168,15): warning C4244: '인수': 'float'에서 'int'(으)로 변환하면서 데이터가 손실될 수 있습니다.
C:\Users\Hyejin\Documents\GitHub\KatanaZero_WINAPI_Project\DefaultWindow\230608\Obj.cpp(167,30): warning C4244: '인수': 'float'에서 'int'(으)로 변환하면서 데이터가 손실될 수 있습니다.
C:\Users\Hyejin\Documents\GitHub\KatanaZero_WINAPI_Project\DefaultWindow\230608\Obj.cpp(175,20): warning C4244: '인수': 'float'에서 'int'(으)로 변환하면서 데이터가 손실될 수 있습니다.
C:\Users\Hyejin\Documents\GitHub\KatanaZero_WINAPI_Project\DefaultWindow\230608\Obj.cpp(174,19): warning C4244: '인수': 'float'에서 'int'(으)로 변환하면서 데이터가 손실될 수 있습니다.
C:\Users\Hyejin\Documents\GitHub\KatanaZero_WINAPI_Project\DefaultWindow\230608\Obj.cpp(173,17): warning C4244: '인수': 'float'에서 'int'(으)로 변환하면서 데이터가 손실될 수 있습니다.
C:\Users\Hyejin\Documents\GitHub\KatanaZero_WINAPI_Project\DefaultWindow\230608\Obj.cpp(172,32): warning C4244: '인수': 'float'에서 'int'(으)로 변환하면서 데이터가 손실될 수 있습니다.
C:\Users\Hyejin\Documents\GitHub\KatanaZero_WINAPI_Project\DefaultWindow\230608\Obj.cpp(196,27): warning C4244: '인수': 'float'에서 'int'(으)로 변환하면서 데이터가 손실될 수 있습니다.
C:\Users\Hyejin\Documents\GitHub\KatanaZero_WINAPI_Project\DefaultWindow\230608\Obj.cpp(195,26): warning C4244: '인수': 'float'에서 'int'(으)로 변환하면서 데이터가 손실될 수 있습니다.
C:\Users\Hyejin\Documents\GitHub\KatanaZero_WINAPI_Project\DefaultWindow\230608\Obj.cpp(194,24): warning C4244: '인수': 'float'에서 'int'(으)로 변환하면서 데이터가 손실될 수 있습니다.
C:\Users\Hyejin\Documents\GitHub\KatanaZero_WINAPI_Project\DefaultWindow\230608\Obj.cpp(193,39): warning C4244: '인수': 'float'에서 'int'(으)로 변환하면서 데이터가 손실될 수 있습니다.
C:\Users\Hyejin\Documents\GitHub\KatanaZero_WINAPI_Project\DefaultWindow\230608\Obj.cpp(202,27): warning C4244: '인수': 'float'에서 'int'(으)로 변환하면서 데이터가 손실될 수 있습니다.
C:\Users\Hyejin\Documents\GitHub\KatanaZero_WINAPI_Project\DefaultWindow\230608\Obj.cpp(201,26): warning C4244: '인수': 'float'에서 'int'(으)로 변환하면서 데이터가 손실될 수 있습니다.
C:\Users\Hyejin\Documents\GitHub\KatanaZero_WINAPI_Project\DefaultWindow\230608\Obj.cpp(200,24): warning C4244: '인수': 'float'에서 'int'(으)로 변환하면서 데이터가 손실될 수 있습니다.
C:\Users\Hyejin\Documents\GitHub\KatanaZero_WINAPI_Project\DefaultWindow\230608\Obj.cpp(199,39): warning C4244: '인수': 'float'에서 'int'(으)로 변환하면서 데이터가 손실될 수 있습니다.
C:\Users\Hyejin\Documents\GitHub\KatanaZero_WINAPI_Project\DefaultWindow\230608\Obj.cpp(226,19): warning C4244: '인수': 'float'에서 'int'(으)로 변환하면서 데이터가 손실될 수 있습니다.
C:\Users\Hyejin\Documents\GitHub\KatanaZero_WINAPI_Project\DefaultWindow\230608\Obj.cpp(225,18): warning C4244: '인수': 'float'에서 'int'(으)로 변환하면서 데이터가 손실될 수 있습니다.
C:\Users\Hyejin\Documents\GitHub\KatanaZero_WINAPI_Project\DefaultWindow\230608\Obj.cpp(224,16): warning C4244: '인수': 'float'에서 'int'(으)로 변환하면서 데이터가 손실될 수 있습니다.
C:\Users\Hyejin\Documents\GitHub\KatanaZero_WINAPI_Project\DefaultWindow\230608\Obj.cpp(223,31): warning C4244: '인수': 'float'에서 'int'(으)로 변환하면서 데이터가 손실될 수 있습니다.
C:\Users\Hyejin\Documents\GitHub\KatanaZero_WINAPI_Project\DefaultWindow\230608\Obj.cpp(326,11): warning C4244: '인수': 'float'에서 'INT'(으)로 변환하면서 데이터가 손실될 수 있습니다.
C:\Users\Hyejin\Documents\GitHub\KatanaZero_WINAPI_Project\DefaultWindow\230608\Obj.cpp(325,11): warning C4244: '인수': 'float'에서 'INT'(으)로 변환하면서 데이터가 손실될 수 있습니다.
C:\Users\Hyejin\Documents\GitHub\KatanaZero_WINAPI_Project\DefaultWindow\230608\Obj.cpp(500,12): warning C4244: '인수': 'float'에서 'INT'(으)로 변환하면서 데이터가 손실될 수 있습니다.
C:\Users\Hyejin\Documents\GitHub\KatanaZero_WINAPI_Project\DefaultWindow\230608\Obj.cpp(539,21): warning C4244: '인수': 'int'에서 'Gdiplus::REAL'(으)로 변환하면서 데이터가 손실될 수 있습니다.
C:\Users\Hyejin\Documents\GitHub\KatanaZero_WINAPI_Project\DefaultWindow\230608\Obj.cpp(538,39): warning C4244: '인수': 'int'에서 'Gdiplus::REAL'(으)로 변환하면서 데이터가 손실될 수 있습니다.
C:\Users\Hyejin\Documents\GitHub\KatanaZero_WINAPI_Project\DefaultWindow\230608\Obj.cpp(543,22): warning C4244: '인수': 'int'에서 'Gdiplus::REAL'(으)로 변환하면서 데이터가 손실될 수 있습니다.
C:\Users\Hyejin\Documents\GitHub\KatanaZero_WINAPI_Project\DefaultWindow\230608\Obj.cpp(542,40): warning C4244: '인수': 'int'에서 'Gdiplus::REAL'(으)로 변환하면서 데이터가 손실될 수 있습니다.
C:\Users\Hyejin\Documents\GitHub\KatanaZero_WINAPI_Project\DefaultWindow\230608\Obj.cpp(589,21): warning C4244: '인수': 'int'에서 'Gdiplus::REAL'(으)로 변환하면서 데이터가 손실될 수 있습니다.
C:\Users\Hyejin\Documents\GitHub\KatanaZero_WINAPI_Project\DefaultWindow\230608\Obj.cpp(588,39): warning C4244: '인수': 'int'에서 'Gdiplus::REAL'(으)로 변환하면서 데이터가 손실될 수 있습니다.
C:\Users\Hyejin\Documents\GitHub\KatanaZero_WINAPI_Project\DefaultWindow\230608\Obj.cpp(593,22): warning C4244: '인수': 'int'에서 'Gdiplus::REAL'(으)로 변환하면서 데이터가 손실될 수 있습니다.
C:\Users\Hyejin\Documents\GitHub\KatanaZero_WINAPI_Project\DefaultWindow\230608\Obj.cpp(592,40): warning C4244: '인수': 'int'에서 'Gdiplus::REAL'(으)로 변환하면서 데이터가 손실될 수 있습니다.
C:\Users\Hyejin\Documents\GitHub\KatanaZero_WINAPI_Project\DefaultWindow\230608\Obj.cpp(607,50): warning C4244: '인수': 'float'에서 'INT'(으)로 변환하면서 데이터가 손실될 수 있습니다.
C:\Users\Hyejin\Documents\GitHub\KatanaZero_WINAPI_Project\DefaultWindow\230608\Obj.cpp(606,50): warning C4244: '인수': 'float'에서 'INT'(으)로 변환하면서 데이터가 손실될 수 있습니다.
C:\Users\Hyejin\Documents\GitHub\KatanaZero_WINAPI_Project\DefaultWindow\230608\Obj.cpp(622,50): warning C4244: '인수': 'float'에서 'INT'(으)로 변환하면서 데이터가 손실될 수 있습니다.
C:\Users\Hyejin\Documents\GitHub\KatanaZero_WINAPI_Project\DefaultWindow\230608\Obj.cpp(621,50): warning C4244: '인수': 'float'에서 'INT'(으)로 변환하면서 데이터가 손실될 수 있습니다.
C:\Users\Hyejin\Documents\GitHub\KatanaZero_WINAPI_Project\DefaultWindow\230608\Obj.cpp(663,21): warning C4244: '인수': 'int'에서 'Gdiplus::REAL'(으)로 변환하면서 데이터가 손실될 수 있습니다.
C:\Users\Hyejin\Documents\GitHub\KatanaZero_WINAPI_Project\DefaultWindow\230608\Obj.cpp(662,39): warning C4244: '인수': 'int'에서 'Gdiplus::REAL'(으)로 변환하면서 데이터가 손실될 수 있습니다.
C:\Users\Hyejin\Documents\GitHub\KatanaZero_WINAPI_Project\DefaultWindow\230608\Obj.cpp(667,22): warning C4244: '인수': 'int'에서 'Gdiplus::REAL'(으)로 변환하면서 데이터가 손실될 수 있습니다.
C:\Users\Hyejin\Documents\GitHub\KatanaZero_WINAPI_Project\DefaultWindow\230608\Obj.cpp(666,40): warning C4244: '인수': 'int'에서 'Gdiplus::REAL'(으)로 변환하면서 데이터가 손실될 수 있습니다.
C:\Users\Hyejin\Documents\GitHub\KatanaZero_WINAPI_Project\DefaultWindow\230608\Obj.cpp(681,50): warning C4244: '인수': 'float'에서 'INT'(으)로 변환하면서 데이터가 손실될 수 있습니다.
C:\Users\Hyejin\Documents\GitHub\KatanaZero_WINAPI_Project\DefaultWindow\230608\Obj.cpp(680,50): warning C4244: '인수': 'float'에서 'INT'(으)로 변환하면서 데이터가 손실될 수 있습니다.
C:\Users\Hyejin\Documents\GitHub\KatanaZero_WINAPI_Project\DefaultWindow\230608\Obj.cpp(696,50): warning C4244: '인수': 'float'에서 'INT'(으)로 변환하면서 데이터가 손실될 수 있습니다.
C:\Users\Hyejin\Documents\GitHub\KatanaZero_WINAPI_Project\DefaultWindow\230608\Obj.cpp(695,50): warning C4244: '인수': 'float'에서 'INT'(으)로 변환하면서 데이터가 손실될 수 있습니다.
C:\Users\Hyejin\Documents\GitHub\KatanaZero_WINAPI_Project\DefaultWindow\230608\Obj.cpp(726,47): warning C4244: '=': 'ULONGLONG'에서 'DWORD'(으)로 변환하면서 데이터가 손실될 수 있습니다.
C:\Users\Hyejin\Documents\GitHub\KatanaZero_WINAPI_Project\DefaultWindow\230608\Obj.cpp(738,47): warning C4244: '=': 'ULONGLONG'에서 'DWORD'(으)로 변환하면서 데이터가 손실될 수 있습니다.
C:\Users\Hyejin\Documents\GitHub\KatanaZero_WINAPI_Project\DefaultWindow\230608\Obj.cpp(749,42): warning C4244: '=': 'double'에서 'LONG'(으)로 변환하면서 데이터가 손실될 수 있습니다.
C:\Users\Hyejin\Documents\GitHub\KatanaZero_WINAPI_Project\DefaultWindow\230608\Obj.cpp(750,41): warning C4244: '=': 'double'에서 'LONG'(으)로 변환하면서 데이터가 손실될 수 있습니다.
C:\Users\Hyejin\Documents\GitHub\KatanaZero_WINAPI_Project\DefaultWindow\230608\Obj.cpp(751,43): warning C4244: '=': 'double'에서 'LONG'(으)로 변환하면서 데이터가 손실될 수 있습니다.
C:\Users\Hyejin\Documents\GitHub\KatanaZero_WINAPI_Project\DefaultWindow\230608\Obj.cpp(752,44): warning C4244: '=': 'double'에서 'LONG'(으)로 변환하면서 데이터가 손실될 수 있습니다.
C:\Users\Hyejin\Documents\GitHub\KatanaZero_WINAPI_Project\DefaultWindow\230608\Obj.cpp(893,10): warning C4244: '=': 'int'에서 'float'(으)로 변환하면서 데이터가 손실될 수 있습니다.
  ObjMgr.cpp
C:\Users\Hyejin\Documents\GitHub\KatanaZero_WINAPI_Project\DefaultWindow\230608\Obj.h(127,25): warning C4244: '=': 'float'에서 'LONG'(으)로 변환하면서 데이터가 손실될 수 있습니다.
C:\Users\Hyejin\Documents\GitHub\KatanaZero_WINAPI_Project\DefaultWindow\230608\Obj.h(128,24): warning C4244: '=': 'float'에서 'LONG'(으)로 변환하면서 데이터가 손실될 수 있습니다.
C:\Users\Hyejin\Documents\GitHub\KatanaZero_WINAPI_Project\DefaultWindow\230608\Obj.h(129,26): warning C4244: '=': 'float'에서 'LONG'(으)로 변환하면서 데이터가 손실될 수 있습니다.
C:\Users\Hyejin\Documents\GitHub\KatanaZero_WINAPI_Project\DefaultWindow\230608\Obj.h(130,27): warning C4244: '=': 'float'에서 'LONG'(으)로 변환하면서 데이터가 손실될 수 있습니다.
C:\Users\Hyejin\Documents\GitHub\KatanaZero_WINAPI_Project\DefaultWindow\230608\Obj.h(152,27): warning C4244: '=': 'float'에서 'LONG'(으)로 변환하면서 데이터가 손실될 수 있습니다.
C:\Users\Hyejin\Documents\GitHub\KatanaZero_WINAPI_Project\DefaultWindow\230608\Obj.h(153,26): warning C4244: '=': 'float'에서 'LONG'(으)로 변환하면서 데이터가 손실될 수 있습니다.
C:\Users\Hyejin\Documents\GitHub\KatanaZero_WINAPI_Project\DefaultWindow\230608\Obj.h(154,28): warning C4244: '=': 'float'에서 'LONG'(으)로 변환하면서 데이터가 손실될 수 있습니다.
C:\Users\Hyejin\Documents\GitHub\KatanaZero_WINAPI_Project\DefaultWindow\230608\Obj.h(155,29): warning C4244: '=': 'float'에서 'LONG'(으)로 변환하면서 데이터가 손실될 수 있습니다.
  Bullet.cpp
C:\Users\Hyejin\Documents\GitHub\KatanaZero_WINAPI_Project\DefaultWindow\230608\Obj.h(127,25): warning C4244: '=': 'float'에서 'LONG'(으)로 변환하면서 데이터가 손실될 수 있습니다.
C:\Users\Hyejin\Documents\GitHub\KatanaZero_WINAPI_Project\DefaultWindow\230608\Obj.h(128,24): warning C4244: '=': 'float'에서 'LONG'(으)로 변환하면서 데이터가 손실될 수 있습니다.
C:\Users\Hyejin\Documents\GitHub\KatanaZero_WINAPI_Project\DefaultWindow\230608\Obj.h(129,26): warning C4244: '=': 'float'에서 'LONG'(으)로 변환하면서 데이터가 손실될 수 있습니다.
C:\Users\Hyejin\Documents\GitHub\KatanaZero_WINAPI_Project\DefaultWindow\230608\Obj.h(130,27): warning C4244: '=': 'float'에서 'LONG'(으)로 변환하면서 데이터가 손실될 수 있습니다.
C:\Users\Hyejin\Documents\GitHub\KatanaZero_WINAPI_Project\DefaultWindow\230608\Obj.h(152,27): warning C4244: '=': 'float'에서 'LONG'(으)로 변환하면서 데이터가 손실될 수 있습니다.
C:\Users\Hyejin\Documents\GitHub\KatanaZero_WINAPI_Project\DefaultWindow\230608\Obj.h(153,26): warning C4244: '=': 'float'에서 'LONG'(으)로 변환하면서 데이터가 손실될 수 있습니다.
C:\Users\Hyejin\Documents\GitHub\KatanaZero_WINAPI_Project\DefaultWindow\230608\Obj.h(154,28): warning C4244: '=': 'float'에서 'LONG'(으)로 변환하면서 데이터가 손실될 수 있습니다.
C:\Users\Hyejin\Documents\GitHub\KatanaZero_WINAPI_Project\DefaultWindow\230608\Obj.h(155,29): warning C4244: '=': 'float'에서 'LONG'(으)로 변환하면서 데이터가 손실될 수 있습니다.
C:\Users\Hyejin\Documents\GitHub\KatanaZero_WINAPI_Project\DefaultWindow\230608\SceneManager.h(97,52): warning C4244: '=': 'ULONGLONG'에서 'DWORD'(으)로 변환하면서 데이터가 손실될 수 있습니다.
  SecondStage.cpp
C:\Users\Hyejin\Documents\GitHub\KatanaZero_WINAPI_Project\DefaultWindow\230608\Obj.h(127,25): warning C4244: '=': 'float'에서 'LONG'(으)로 변환하면서 데이터가 손실될 수 있습니다.
C:\Users\Hyejin\Documents\GitHub\KatanaZero_WINAPI_Project\DefaultWindow\230608\Obj.h(128,24): warning C4244: '=': 'float'에서 'LONG'(으)로 변환하면서 데이터가 손실될 수 있습니다.
C:\Users\Hyejin\Documents\GitHub\KatanaZero_WINAPI_Project\DefaultWindow\230608\Obj.h(129,26): warning C4244: '=': 'float'에서 'LONG'(으)로 변환하면서 데이터가 손실될 수 있습니다.
C:\Users\Hyejin\Documents\GitHub\KatanaZero_WINAPI_Project\DefaultWindow\230608\Obj.h(130,27): warning C4244: '=': 'float'에서 'LONG'(으)로 변환하면서 데이터가 손실될 수 있습니다.
C:\Users\Hyejin\Documents\GitHub\KatanaZero_WINAPI_Project\DefaultWindow\230608\Obj.h(152,27): warning C4244: '=': 'float'에서 'LONG'(으)로 변환하면서 데이터가 손실될 수 있습니다.
C:\Users\Hyejin\Documents\GitHub\KatanaZero_WINAPI_Project\DefaultWindow\230608\Obj.h(153,26): warning C4244: '=': 'float'에서 'LONG'(으)로 변환하면서 데이터가 손실될 수 있습니다.
C:\Users\Hyejin\Documents\GitHub\KatanaZero_WINAPI_Project\DefaultWindow\230608\Obj.h(154,28): warning C4244: '=': 'float'에서 'LONG'(으)로 변환하면서 데이터가 손실될 수 있습니다.
C:\Users\Hyejin\Documents\GitHub\KatanaZero_WINAPI_Project\DefaultWindow\230608\Obj.h(155,29): warning C4244: '=': 'float'에서 'LONG'(으)로 변환하면서 데이터가 손실될 수 있습니다.
C:\Users\Hyejin\Documents\GitHub\KatanaZero_WINAPI_Project\DefaultWindow\230608\SceneManager.h(97,52): warning C4244: '=': 'ULONGLONG'에서 'DWORD'(으)로 변환하면서 데이터가 손실될 수 있습니다.
C:\Users\Hyejin\Documents\GitHub\KatanaZero_WINAPI_Project\DefaultWindow\230608\ObjFactory.h(31,12): warning C4244: '초기화 중': 'double'에서 'float'(으)로 변환하면서 데이터가 손실될 수 있습니다.
C:\Users\Hyejin\Documents\GitHub\KatanaZero_WINAPI_Project\DefaultWindow\230608\ObjFactory.h(28): message : 클래스 템플릿 멤버 함수 'CObj *CObjFactory<CGrabWall>::CreateRECT(float,float,float,float)'을(를) 컴파일하는 중입니다.
C:\Users\Hyejin\Documents\GitHub\KatanaZero_WINAPI_Project\DefaultWindow\230608\SecondStage.cpp(64): message : 컴파일되는 함수 템플릿 인스턴스화 'CObj *CObjFactory<CGrabWall>::CreateRECT(float,float,float,float)'에 대한 참조를 확인하세요.
C:\Users\Hyejin\Documents\GitHub\KatanaZero_WINAPI_Project\DefaultWindow\230608\SecondStage.cpp(64): message : 컴파일되는 클래스 템플릿 인스턴스화 'CObjFactory<CGrabWall>'에 대한 참조를 확인하세요.
C:\Users\Hyejin\Documents\GitHub\KatanaZero_WINAPI_Project\DefaultWindow\230608\ObjFactory.h(32,12): warning C4244: '초기화 중': 'double'에서 'float'(으)로 변환하면서 데이터가 손실될 수 있습니다.
  SoundMgr.cpp
  StartMenu.cpp
C:\Users\Hyejin\Documents\GitHub\KatanaZero_WINAPI_Project\DefaultWindow\230608\SceneManager.h(97,52): warning C4244: '=': 'ULONGLONG'에서 'DWORD'(으)로 변환하면서 데이터가 손실될 수 있습니다.
C:\Users\Hyejin\Documents\GitHub\KatanaZero_WINAPI_Project\DefaultWindow\230608\StartMenu.cpp(34,37): warning C4244: '=': 'ULONGLONG'에서 'DWORD'(으)로 변환하면서 데이터가 손실될 수 있습니다.
C:\Users\Hyejin\Documents\GitHub\KatanaZero_WINAPI_Project\DefaultWindow\230608\StartMenu.cpp(103,39): warning C4244: '=': 'ULONGLONG'에서 'DWORD'(으)로 변환하면서 데이터가 손실될 수 있습니다.
  컴파일하고 있습니다...
  UIMgr.cpp
C:\Users\Hyejin\Documents\GitHub\KatanaZero_WINAPI_Project\DefaultWindow\230608\UIMgr.cpp(136,39): warning C4244: '=': 'ULONGLONG'에서 'DWORD'(으)로 변환하면서 데이터가 손실될 수 있습니다.
C:\Users\Hyejin\Documents\GitHub\KatanaZero_WINAPI_Project\DefaultWindow\230608\UIMgr.cpp(266,42): warning C4244: '=': 'ULONGLONG'에서 'DWORD'(으)로 변환하면서 데이터가 손실될 수 있습니다.
C:\Users\Hyejin\Documents\GitHub\KatanaZero_WINAPI_Project\DefaultWindow\230608\UIMgr.cpp(278,42): warning C4244: '=': 'ULONGLONG'에서 'DWORD'(으)로 변환하면서 데이터가 손실될 수 있습니다.
  Wall.cpp
C:\Users\Hyejin\Documents\GitHub\KatanaZero_WINAPI_Project\DefaultWindow\230608\Obj.h(127,25): warning C4244: '=': 'float'에서 'LONG'(으)로 변환하면서 데이터가 손실될 수 있습니다.
C:\Users\Hyejin\Documents\GitHub\KatanaZero_WINAPI_Project\DefaultWindow\230608\Obj.h(128,24): warning C4244: '=': 'float'에서 'LONG'(으)로 변환하면서 데이터가 손실될 수 있습니다.
C:\Users\Hyejin\Documents\GitHub\KatanaZero_WINAPI_Project\DefaultWindow\230608\Obj.h(129,26): warning C4244: '=': 'float'에서 'LONG'(으)로 변환하면서 데이터가 손실될 수 있습니다.
C:\Users\Hyejin\Documents\GitHub\KatanaZero_WINAPI_Project\DefaultWindow\230608\Obj.h(130,27): warning C4244: '=': 'float'에서 'LONG'(으)로 변환하면서 데이터가 손실될 수 있습니다.
C:\Users\Hyejin\Documents\GitHub\KatanaZero_WINAPI_Project\DefaultWindow\230608\Obj.h(152,27): warning C4244: '=': 'float'에서 'LONG'(으)로 변환하면서 데이터가 손실될 수 있습니다.
C:\Users\Hyejin\Documents\GitHub\KatanaZero_WINAPI_Project\DefaultWindow\230608\Obj.h(153,26): warning C4244: '=': 'float'에서 'LONG'(으)로 변환하면서 데이터가 손실될 수 있습니다.
C:\Users\Hyejin\Documents\GitHub\KatanaZero_WINAPI_Project\DefaultWindow\230608\Obj.h(154,28): warning C4244: '=': 'float'에서 'LONG'(으)로 변환하면서 데이터가 손실될 수 있습니다.
C:\Users\Hyejin\Documents\GitHub\KatanaZero_WINAPI_Project\DefaultWindow\230608\Obj.h(155,29): warning C4244: '=': 'float'에서 'LONG'(으)로 변환하면서 데이터가 손실될 수 있습니다.
C:\Users\Hyejin\Documents\GitHub\KatanaZero_WINAPI_Project\DefaultWindow\230608\SceneManager.h(97,52): warning C4244: '=': 'ULONGLONG'에서 'DWORD'(으)로 변환하면서 데이터가 손실될 수 있습니다.
  코드를 생성하고 있습니다.
  Previous IPDB not found, fall back to full compilation.
C:\Users\Hyejin\Documents\GitHub\KatanaZero_WINAPI_Project\DefaultWindow\230608\CollisionMgr.cpp(209): warning C4715: 'CCollisionMgr::Collision_Enter_SE': 모든 제어 경로에서 값을 반환하지는 않습니다.
C:\Users\Hyejin\Documents\GitHub\KatanaZero_WINAPI_Project\DefaultWindow\230608\CollisionMgr.cpp(163): warning C4715: 'CCollisionMgr::Collision_Enter_ES': 모든 제어 경로에서 값을 반환하지는 않습니다.
  All 2207 functions were compiled because no usable IPDB/IOBJ from previous compilation was found.
  코드를 생성했습니다.
  230608.vcxproj -> C:\Users\Hyejin\Documents\GitHub\KatanaZero_WINAPI_Project\DefaultWindow\Release\230608.exe
