d:\git\katanazero_winapi_project\defaultwindow\230608\x64\debug\230608.pch
d:\git\katanazero_winapi_project\defaultwindow\230608\x64\debug\vc142.pdb
d:\git\katanazero_winapi_project\defaultwindow\230608\x64\debug\vc142.idb
d:\git\katanazero_winapi_project\defaultwindow\230608\x64\debug\stdafx.obj
d:\git\katanazero_winapi_project\defaultwindow\230608\x64\debug\objmgr.obj
d:\git\katanazero_winapi_project\defaultwindow\230608\x64\debug\obj.obj
d:\git\katanazero_winapi_project\defaultwindow\230608\x64\debug\monster.obj
d:\git\katanazero_winapi_project\defaultwindow\230608\x64\debug\player.obj
d:\git\katanazero_winapi_project\defaultwindow\230608\x64\debug\linemgr.obj
d:\git\katanazero_winapi_project\defaultwindow\230608\x64\debug\line.obj
d:\git\katanazero_winapi_project\defaultwindow\230608\x64\debug\scenemanager.obj
d:\git\katanazero_winapi_project\defaultwindow\230608\x64\debug\scene.obj
d:\git\katanazero_winapi_project\defaultwindow\230608\x64\debug\keymgr.obj
d:\git\katanazero_winapi_project\defaultwindow\230608\x64\debug\item.obj
d:\git\katanazero_winapi_project\defaultwindow\230608\x64\debug\hjs1.obj
d:\git\katanazero_winapi_project\defaultwindow\230608\x64\debug\grabwall.obj
d:\git\katanazero_winapi_project\defaultwindow\230608\x64\debug\component.obj
d:\git\katanazero_winapi_project\defaultwindow\230608\x64\debug\collisionmgr.obj
d:\git\katanazero_winapi_project\defaultwindow\230608\x64\debug\character.obj
d:\git\katanazero_winapi_project\defaultwindow\230608\x64\debug\cameracomponent.obj
d:\git\katanazero_winapi_project\defaultwindow\230608\x64\debug\bmpmgr.obj
d:\git\katanazero_winapi_project\defaultwindow\230608\x64\debug\bitmap.obj
d:\git\katanazero_winapi_project\defaultwindow\230608\x64\debug\behaviortree.obj
d:\git\katanazero_winapi_project\defaultwindow\230608\x64\debug\230608.obj
d:\git\katanazero_winapi_project\defaultwindow\230608\x64\debug\wall.obj
d:\git\katanazero_winapi_project\defaultwindow\230608\x64\debug\uimgr.obj
d:\git\katanazero_winapi_project\defaultwindow\230608\x64\debug\soundmgr.obj
d:\git\katanazero_winapi_project\defaultwindow\230608\x64\debug\skill.obj
d:\git\katanazero_winapi_project\defaultwindow\230608\x64\debug\230608.res
d:\git\katanazero_winapi_project\defaultwindow\x64\debug\230608.pdb
d:\git\katanazero_winapi_project\defaultwindow\230608\x64\debug\230608.tlog\cl.command.1.tlog
d:\git\katanazero_winapi_project\defaultwindow\230608\x64\debug\230608.tlog\cl.read.1.tlog
d:\git\katanazero_winapi_project\defaultwindow\230608\x64\debug\230608.tlog\cl.write.1.tlog
d:\git\katanazero_winapi_project\defaultwindow\230608\x64\debug\230608.tlog\link-cvtres.read.1.tlog
d:\git\katanazero_winapi_project\defaultwindow\230608\x64\debug\230608.tlog\link-cvtres.write.1.tlog
d:\git\katanazero_winapi_project\defaultwindow\230608\x64\debug\230608.tlog\link-rc.read.1.tlog
d:\git\katanazero_winapi_project\defaultwindow\230608\x64\debug\230608.tlog\link-rc.write.1.tlog
d:\git\katanazero_winapi_project\defaultwindow\230608\x64\debug\230608.tlog\link.command.1.tlog
d:\git\katanazero_winapi_project\defaultwindow\230608\x64\debug\230608.tlog\link.read.1.tlog
d:\git\katanazero_winapi_project\defaultwindow\230608\x64\debug\230608.tlog\link.write.1.tlog
d:\git\katanazero_winapi_project\defaultwindow\230608\x64\debug\230608.tlog\rc.command.1.tlog
d:\git\katanazero_winapi_project\defaultwindow\230608\x64\debug\230608.tlog\rc.read.1.tlog
d:\git\katanazero_winapi_project\defaultwindow\230608\x64\debug\230608.tlog\rc.write.1.tlog
